{"/home/travis/build/npmtest/node-npmtest-qr-image/test.js":{"path":"/home/travis/build/npmtest/node-npmtest-qr-image/test.js","s":{"1":2,"2":2,"3":2,"4":2,"5":2,"6":2,"7":2,"8":1,"9":2,"10":2,"11":1,"12":1,"13":1,"14":1,"15":2,"16":2,"17":2,"18":2,"19":1,"20":1,"21":2,"22":2,"23":2,"24":1,"25":1,"26":1,"27":1,"28":1,"29":1,"30":1,"31":1,"32":1,"33":1,"34":1,"35":1,"36":2,"37":2,"38":1,"39":2,"40":2,"41":1,"42":2,"43":2,"44":1,"45":1,"46":1,"47":1,"48":1},"b":{"1":[2,1,1,1],"2":[1,1,1,1],"3":[1,1],"4":[1,1],"5":[1,1],"6":[1,1],"7":[1,1],"8":[1,1],"9":[1,1,1],"10":[1,1],"11":[1,1],"12":[1,1],"13":[1,1],"14":[1,1],"15":[1,1]},"f":{"1":2,"2":2,"3":2,"4":2,"5":2,"6":1,"7":1,"8":2,"9":2,"10":2,"11":1},"fnMap":{"1":{"name":"(anonymous_1)","line":12,"loc":{"start":{"line":12,"column":1},"end":{"line":12,"column":13}}},"2":{"name":"(anonymous_2)","line":19,"loc":{"start":{"line":19,"column":5},"end":{"line":19,"column":17}}},"3":{"name":"(anonymous_3)","line":23,"loc":{"start":{"line":23,"column":24},"end":{"line":23,"column":36}}},"4":{"name":"(anonymous_4)","line":61,"loc":{"start":{"line":61,"column":5},"end":{"line":61,"column":17}}},"5":{"name":"(anonymous_5)","line":82,"loc":{"start":{"line":82,"column":5},"end":{"line":82,"column":17}}},"6":{"name":"(anonymous_6)","line":102,"loc":{"start":{"line":102,"column":83},"end":{"line":105,"column":10}},"skip":true},"7":{"name":"(anonymous_7)","line":113,"loc":{"start":{"line":113,"column":77},"end":{"line":116,"column":10}},"skip":true},"8":{"name":"(anonymous_8)","line":127,"loc":{"start":{"line":127,"column":77},"end":{"line":130,"column":10}},"skip":true},"9":{"name":"(anonymous_9)","line":138,"loc":{"start":{"line":138,"column":83},"end":{"line":141,"column":10}},"skip":true},"10":{"name":"(anonymous_10)","line":149,"loc":{"start":{"line":149,"column":79},"end":{"line":152,"column":10}},"skip":true},"11":{"name":"(anonymous_11)","line":160,"loc":{"start":{"line":160,"column":75},"end":{"line":163,"column":10}},"skip":true}},"statementMap":{"1":{"start":{"line":12,"column":0},"end":{"line":175,"column":5}},"2":{"start":{"line":14,"column":4},"end":{"line":14,"column":14}},"3":{"start":{"line":19,"column":4},"end":{"line":56,"column":9}},"4":{"start":{"line":21,"column":8},"end":{"line":21,"column":19}},"5":{"start":{"line":23,"column":8},"end":{"line":35,"column":13}},"6":{"start":{"line":24,"column":12},"end":{"line":34,"column":13}},"7":{"start":{"line":25,"column":16},"end":{"line":28,"column":30}},"8":{"start":{"line":30,"column":16},"end":{"line":33,"column":27}},"9":{"start":{"line":37,"column":8},"end":{"line":39,"column":21}},"10":{"start":{"line":40,"column":8},"end":{"line":53,"column":9}},"11":{"start":{"line":43,"column":12},"end":{"line":46,"column":14}},"12":{"start":{"line":47,"column":12},"end":{"line":47,"column":18}},"13":{"start":{"line":50,"column":12},"end":{"line":51,"column":46}},"14":{"start":{"line":52,"column":12},"end":{"line":52,"column":18}},"15":{"start":{"line":55,"column":8},"end":{"line":55,"column":35}},"16":{"start":{"line":61,"column":4},"end":{"line":63,"column":9}},"17":{"start":{"line":62,"column":8},"end":{"line":62,"column":15}},"18":{"start":{"line":64,"column":4},"end":{"line":77,"column":5}},"19":{"start":{"line":70,"column":8},"end":{"line":70,"column":14}},"20":{"start":{"line":76,"column":8},"end":{"line":76,"column":14}},"21":{"start":{"line":82,"column":4},"end":{"line":84,"column":9}},"22":{"start":{"line":83,"column":8},"end":{"line":83,"column":15}},"23":{"start":{"line":85,"column":4},"end":{"line":174,"column":5}},"24":{"start":{"line":92,"column":8},"end":{"line":94,"column":63}},"25":{"start":{"line":95,"column":8},"end":{"line":95,"column":14}},"26":{"start":{"line":102,"column":8},"end":{"line":111,"column":10},"skip":true},"27":{"start":{"line":109,"column":12},"end":{"line":109,"column":55},"skip":true},"28":{"start":{"line":110,"column":12},"end":{"line":110,"column":48},"skip":true},"29":{"start":{"line":113,"column":8},"end":{"line":125,"column":10},"skip":true},"30":{"start":{"line":120,"column":12},"end":{"line":120,"column":76},"skip":true},"31":{"start":{"line":121,"column":12},"end":{"line":121,"column":73},"skip":true},"32":{"start":{"line":122,"column":12},"end":{"line":122,"column":74},"skip":true},"33":{"start":{"line":123,"column":12},"end":{"line":123,"column":25},"skip":true},"34":{"start":{"line":124,"column":12},"end":{"line":124,"column":45},"skip":true},"35":{"start":{"line":127,"column":8},"end":{"line":136,"column":10},"skip":true},"36":{"start":{"line":134,"column":12},"end":{"line":134,"column":25},"skip":true},"37":{"start":{"line":135,"column":12},"end":{"line":135,"column":45},"skip":true},"38":{"start":{"line":138,"column":8},"end":{"line":147,"column":10},"skip":true},"39":{"start":{"line":145,"column":12},"end":{"line":145,"column":25},"skip":true},"40":{"start":{"line":146,"column":12},"end":{"line":146,"column":48},"skip":true},"41":{"start":{"line":149,"column":8},"end":{"line":158,"column":10},"skip":true},"42":{"start":{"line":156,"column":12},"end":{"line":156,"column":25},"skip":true},"43":{"start":{"line":157,"column":12},"end":{"line":157,"column":46},"skip":true},"44":{"start":{"line":160,"column":8},"end":{"line":169,"column":10},"skip":true},"45":{"start":{"line":167,"column":12},"end":{"line":167,"column":94},"skip":true},"46":{"start":{"line":168,"column":12},"end":{"line":168,"column":48},"skip":true},"47":{"start":{"line":172,"column":8},"end":{"line":172,"column":35},"skip":true},"48":{"start":{"line":173,"column":8},"end":{"line":173,"column":14},"skip":true}},"branchMap":{"1":{"line":25,"type":"binary-expr","locations":[{"start":{"line":25,"column":23},"end":{"line":25,"column":62}},{"start":{"line":26,"column":20},"end":{"line":26,"column":70}},{"start":{"line":27,"column":20},"end":{"line":27,"column":71}},{"start":{"line":28,"column":20},"end":{"line":28,"column":29}}]},"2":{"line":30,"type":"binary-expr","locations":[{"start":{"line":30,"column":23},"end":{"line":30,"column":37}},{"start":{"line":31,"column":20},"end":{"line":31,"column":61}},{"start":{"line":32,"column":20},"end":{"line":32,"column":70}},{"start":{"line":33,"column":20},"end":{"line":33,"column":26}}]},"3":{"line":37,"type":"cond-expr","locations":[{"start":{"line":38,"column":14},"end":{"line":38,"column":20}},{"start":{"line":39,"column":14},"end":{"line":39,"column":20}}]},"4":{"line":40,"type":"switch","locations":[{"start":{"line":42,"column":8},"end":{"line":47,"column":18}},{"start":{"line":49,"column":8},"end":{"line":52,"column":18}}]},"5":{"line":44,"type":"binary-expr","locations":[{"start":{"line":44,"column":16},"end":{"line":44,"column":44}},{"start":{"line":44,"column":48},"end":{"line":44,"column":66}}]},"6":{"line":50,"type":"binary-expr","locations":[{"start":{"line":50,"column":21},"end":{"line":50,"column":49}},{"start":{"line":50,"column":53},"end":{"line":50,"column":72}}]},"7":{"line":64,"type":"switch","locations":[{"start":{"line":69,"column":4},"end":{"line":70,"column":14}},{"start":{"line":75,"column":4},"end":{"line":76,"column":14}}]},"8":{"line":85,"type":"switch","locations":[{"start":{"line":90,"column":4},"end":{"line":95,"column":14}},{"start":{"line":101,"column":4},"end":{"line":173,"column":14},"skip":true}]},"9":{"line":92,"type":"binary-expr","locations":[{"start":{"line":92,"column":18},"end":{"line":92,"column":32}},{"start":{"line":93,"column":12},"end":{"line":93,"column":53}},{"start":{"line":94,"column":12},"end":{"line":94,"column":61}}]},"10":{"line":102,"type":"binary-expr","locations":[{"start":{"line":102,"column":45},"end":{"line":102,"column":79},"skip":true},{"start":{"line":102,"column":83},"end":{"line":111,"column":9},"skip":true}]},"11":{"line":113,"type":"binary-expr","locations":[{"start":{"line":113,"column":42},"end":{"line":113,"column":73},"skip":true},{"start":{"line":113,"column":77},"end":{"line":125,"column":9},"skip":true}]},"12":{"line":127,"type":"binary-expr","locations":[{"start":{"line":127,"column":42},"end":{"line":127,"column":73},"skip":true},{"start":{"line":127,"column":77},"end":{"line":136,"column":9},"skip":true}]},"13":{"line":138,"type":"binary-expr","locations":[{"start":{"line":138,"column":45},"end":{"line":138,"column":79},"skip":true},{"start":{"line":138,"column":83},"end":{"line":147,"column":9},"skip":true}]},"14":{"line":149,"type":"binary-expr","locations":[{"start":{"line":149,"column":43},"end":{"line":149,"column":75},"skip":true},{"start":{"line":149,"column":79},"end":{"line":158,"column":9},"skip":true}]},"15":{"line":160,"type":"binary-expr","locations":[{"start":{"line":160,"column":41},"end":{"line":160,"column":71},"skip":true},{"start":{"line":160,"column":75},"end":{"line":169,"column":9},"skip":true}]}},"code":["/* istanbul instrument in package npmtest_qr_image */","/*jslint","    bitwise: true,","    browser: true,","    maxerr: 8,","    maxlen: 96,","    node: true,","    nomen: true,","    regexp: true,","    stupid: true","*/","(function () {","    'use strict';","    var local;","","","","    // run shared js-env code - pre-init","    (function () {","        // init local","        local = {};","        // init modeJs","        local.modeJs = (function () {","            try {","                return typeof navigator.userAgent === 'string' &&","                    typeof document.querySelector('body') === 'object' &&","                    typeof XMLHttpRequest.prototype.open === 'function' &&","                    'browser';","            } catch (errorCaughtBrowser) {","                return module.exports &&","                    typeof process.versions.node === 'string' &&","                    typeof require('http').createServer === 'function' &&","                    'node';","            }","        }());","        // init global","        local.global = local.modeJs === 'browser'","            ? window","            : global;","        switch (local.modeJs) {","        // re-init local from window.local","        case 'browser':","            local = local.global.utility2.objectSetDefault(","                local.global.utility2_rollup || local.global.local,","                local.global.utility2","            );","            break;","        // re-init local from example.js","        case 'node':","            local = (local.global.utility2_rollup || require('utility2'))","                .requireExampleJsFromReadme();","            break;","        }","        // export local","        local.global.local = local;","    }());","","","","    // run shared js-env code - function","    (function () {","        return;","    }());","    switch (local.modeJs) {","","","","    // run browser js-env code - function","    case 'browser':","        break;","","","","    // run node js-env code - function","    case 'node':","        break;","    }","","","","    // run shared js-env code - post-init","    (function () {","        return;","    }());","    switch (local.modeJs) {","","","","    // run browser js-env code - post-init","    case 'browser':","        // run tests","        local.nop(local.modeTest &&","            document.querySelector('#testRunButton1') &&","            document.querySelector('#testRunButton1').click());","        break;","","","","    // run node js-env code - post-init","    /* istanbul ignore next */","    case 'node':","        local.testCase_buildApidoc_default = local.testCase_buildApidoc_default || function (","            options,","            onError","        ) {","        /*","         * this function will test buildApidoc's default handling-behavior-behavior","         */","            options = { modulePathList: module.paths };","            local.buildApidoc(options, onError);","        };","","        local.testCase_buildApp_default = local.testCase_buildApp_default || function (","            options,","            onError","        ) {","        /*","         * this function will test buildApp's default handling-behavior-behavior","         */","            local.testCase_buildReadme_default(options, local.onErrorThrow);","            local.testCase_buildLib_default(options, local.onErrorThrow);","            local.testCase_buildTest_default(options, local.onErrorThrow);","            options = [];","            local.buildApp(options, onError);","        };","","        local.testCase_buildLib_default = local.testCase_buildLib_default || function (","            options,","            onError","        ) {","        /*","         * this function will test buildLib's default handling-behavior","         */","            options = {};","            local.buildLib(options, onError);","        };","","        local.testCase_buildReadme_default = local.testCase_buildReadme_default || function (","            options,","            onError","        ) {","        /*","         * this function will test buildReadme's default handling-behavior-behavior","         */","            options = {};","            local.buildReadme(options, onError);","        };","","        local.testCase_buildTest_default = local.testCase_buildTest_default || function (","            options,","            onError","        ) {","        /*","         * this function will test buildTest's default handling-behavior","         */","            options = {};","            local.buildTest(options, onError);","        };","","        local.testCase_webpage_default = local.testCase_webpage_default || function (","            options,","            onError","        ) {","        /*","         * this function will test webpage's default handling-behavior","         */","            options = { modeCoverageMerge: true, url: local.serverLocalHost + '?modeTest=1' };","            local.browserTest(options, onError);","        };","","        // run test-server","        local.testRunServer(local);","        break;","    }","}());",""],"l":{"12":2,"14":2,"19":2,"21":2,"23":2,"24":2,"25":2,"30":1,"37":2,"40":2,"43":1,"47":1,"50":1,"52":1,"55":2,"61":2,"62":2,"64":2,"70":1,"76":1,"82":2,"83":2,"85":2,"92":1,"95":1,"102":1,"109":1,"110":1,"113":1,"120":1,"121":1,"122":1,"123":1,"124":1,"127":1,"134":2,"135":2,"138":1,"145":2,"146":2,"149":1,"156":2,"157":2,"160":1,"167":1,"168":1,"172":1,"173":1}},"/home/travis/build/npmtest/node-npmtest-qr-image/lib.npmtest_qr_image.js":{"path":"/home/travis/build/npmtest/node-npmtest-qr-image/lib.npmtest_qr_image.js","s":{"1":2,"2":2,"3":2,"4":2,"5":2,"6":2,"7":2,"8":1,"9":2,"10":2,"11":2,"12":2,"13":1,"14":1,"15":1,"16":1},"b":{"1":[2,1,1,1],"2":[1,1,1,1],"3":[1,1],"4":[2,2],"5":[1,1]},"f":{"1":2,"2":2,"3":2},"fnMap":{"1":{"name":"(anonymous_1)","line":12,"loc":{"start":{"line":12,"column":1},"end":{"line":12,"column":13}}},"2":{"name":"(anonymous_2)","line":19,"loc":{"start":{"line":19,"column":5},"end":{"line":19,"column":17}}},"3":{"name":"(anonymous_3)","line":23,"loc":{"start":{"line":23,"column":24},"end":{"line":23,"column":36}}}},"statementMap":{"1":{"start":{"line":12,"column":0},"end":{"line":53,"column":5}},"2":{"start":{"line":14,"column":4},"end":{"line":14,"column":14}},"3":{"start":{"line":19,"column":4},"end":{"line":52,"column":9}},"4":{"start":{"line":21,"column":8},"end":{"line":21,"column":19}},"5":{"start":{"line":23,"column":8},"end":{"line":35,"column":13}},"6":{"start":{"line":24,"column":12},"end":{"line":34,"column":13}},"7":{"start":{"line":25,"column":16},"end":{"line":28,"column":30}},"8":{"start":{"line":30,"column":16},"end":{"line":33,"column":27}},"9":{"start":{"line":37,"column":8},"end":{"line":39,"column":21}},"10":{"start":{"line":41,"column":8},"end":{"line":41,"column":54}},"11":{"start":{"line":43,"column":8},"end":{"line":43,"column":53}},"12":{"start":{"line":45,"column":8},"end":{"line":51,"column":9}},"13":{"start":{"line":46,"column":12},"end":{"line":46,"column":59}},"14":{"start":{"line":48,"column":12},"end":{"line":48,"column":35}},"15":{"start":{"line":49,"column":12},"end":{"line":49,"column":49}},"16":{"start":{"line":50,"column":12},"end":{"line":50,"column":43}}},"branchMap":{"1":{"line":25,"type":"binary-expr","locations":[{"start":{"line":25,"column":23},"end":{"line":25,"column":62}},{"start":{"line":26,"column":20},"end":{"line":26,"column":70}},{"start":{"line":27,"column":20},"end":{"line":27,"column":71}},{"start":{"line":28,"column":20},"end":{"line":28,"column":29}}]},"2":{"line":30,"type":"binary-expr","locations":[{"start":{"line":30,"column":23},"end":{"line":30,"column":37}},{"start":{"line":31,"column":20},"end":{"line":31,"column":61}},{"start":{"line":32,"column":20},"end":{"line":32,"column":70}},{"start":{"line":33,"column":20},"end":{"line":33,"column":26}}]},"3":{"line":37,"type":"cond-expr","locations":[{"start":{"line":38,"column":14},"end":{"line":38,"column":20}},{"start":{"line":39,"column":14},"end":{"line":39,"column":20}}]},"4":{"line":41,"type":"binary-expr","locations":[{"start":{"line":41,"column":16},"end":{"line":41,"column":44}},{"start":{"line":41,"column":48},"end":{"line":41,"column":53}}]},"5":{"line":45,"type":"if","locations":[{"start":{"line":45,"column":8},"end":{"line":45,"column":8}},{"start":{"line":45,"column":8},"end":{"line":45,"column":8}}]}},"code":["/* istanbul instrument in package npmtest_qr_image */","/*jslint","    bitwise: true,","    browser: true,","    maxerr: 8,","    maxlen: 96,","    node: true,","    nomen: true,","    regexp: true,","    stupid: true","*/","(function () {","    'use strict';","    var local;","","","","    // run shared js-env code - pre-init","    (function () {","        // init local","        local = {};","        // init modeJs","        local.modeJs = (function () {","            try {","                return typeof navigator.userAgent === 'string' &&","                    typeof document.querySelector('body') === 'object' &&","                    typeof XMLHttpRequest.prototype.open === 'function' &&","                    'browser';","            } catch (errorCaughtBrowser) {","                return module.exports &&","                    typeof process.versions.node === 'string' &&","                    typeof require('http').createServer === 'function' &&","                    'node';","            }","        }());","        // init global","        local.global = local.modeJs === 'browser'","            ? window","            : global;","        // init utility2_rollup","        local = local.global.utility2_rollup || local;","        // init lib","        local.local = local.npmtest_qr_image = local;","        // init exports","        if (local.modeJs === 'browser') {","            local.global.utility2_npmtest_qr_image = local;","        } else {","            module.exports = local;","            module.exports.__dirname = __dirname;","            module.exports.module = module;","        }","    }());","}());",""],"l":{"12":2,"14":2,"19":2,"21":2,"23":2,"24":2,"25":2,"30":1,"37":2,"41":2,"43":2,"45":2,"46":1,"48":1,"49":1,"50":1}},"/home/travis/build/npmtest/node-npmtest-qr-image/example.js":{"path":"/home/travis/build/npmtest/node-npmtest-qr-image/example.js","s":{"1":2,"2":2,"3":2,"4":2,"5":2,"6":2,"7":2,"8":1,"9":2,"10":2,"11":2,"12":2,"13":1,"14":2,"15":2,"16":2,"17":2,"18":2,"19":0,"20":2,"21":1,"22":1,"23":1,"24":1,"25":1,"26":0,"27":0,"28":1,"29":1,"30":2,"31":0,"32":0,"33":0,"34":1,"35":2,"36":2,"37":2,"38":2,"39":2,"40":2,"41":0,"42":2,"43":2,"44":2,"45":1,"46":3,"47":1,"48":1,"49":1,"50":1,"51":1,"52":1,"53":1,"54":1,"55":1,"56":1,"57":0,"58":1,"59":6,"60":6,"61":1,"62":2,"63":0,"64":2,"65":1,"66":1,"67":0,"68":0,"69":0,"70":0,"71":0,"72":0,"73":0,"74":0,"75":0,"76":0,"77":0,"78":0,"79":0,"80":0,"81":0,"82":0,"83":0},"b":{"1":[2,1,1,1],"2":[1,1,1,1],"3":[1,1],"4":[2,2],"5":[1,1],"6":[1,1],"7":[2,0],"8":[2,1,1,1,1,1],"9":[0,2,0],"10":[1,1],"11":[2,1,1],"12":[1,0],"13":[0,2],"14":[2,0,0,0,0,0,0],"15":[0,2],"16":[2,0],"17":[1,1],"18":[0,1],"19":[1,2,0,2],"20":[1,0],"21":[1,1],"22":[0,0],"23":[0,0],"24":[0,0],"25":[0,0],"26":[0,0],"27":[0,0],"28":[0,0]},"f":{"1":2,"2":2,"3":2,"4":2,"5":2,"6":2,"7":2,"8":2,"9":3,"10":1,"11":6,"12":0},"fnMap":{"1":{"name":"(anonymous_1)","line":26,"loc":{"start":{"line":26,"column":1},"end":{"line":26,"column":13}}},"2":{"name":"(anonymous_2)","line":33,"loc":{"start":{"line":33,"column":5},"end":{"line":33,"column":17}}},"3":{"name":"(anonymous_3)","line":37,"loc":{"start":{"line":37,"column":24},"end":{"line":37,"column":36}}},"4":{"name":"(anonymous_4)","line":69,"loc":{"start":{"line":69,"column":31},"end":{"line":69,"column":48}},"skip":true},"5":{"name":"(anonymous_5)","line":78,"loc":{"start":{"line":78,"column":26},"end":{"line":78,"column":45}},"skip":true},"6":{"name":"(anonymous_6)","line":123,"loc":{"start":{"line":123,"column":33},"end":{"line":123,"column":48}},"skip":true},"7":{"name":"(anonymous_7)","line":125,"loc":{"start":{"line":125,"column":27},"end":{"line":125,"column":39}},"skip":true},"8":{"name":"(anonymous_8)","line":133,"loc":{"start":{"line":133,"column":59},"end":{"line":133,"column":74}},"skip":true},"9":{"name":"(anonymous_9)","line":143,"loc":{"start":{"line":143,"column":45},"end":{"line":143,"column":62}},"skip":true},"10":{"name":"(anonymous_10)","line":144,"loc":{"start":{"line":144,"column":73},"end":{"line":144,"column":92}},"skip":true},"11":{"name":"(anonymous_11)","line":272,"loc":{"start":{"line":272,"column":51},"end":{"line":272,"column":77}},"skip":true},"12":{"name":"(anonymous_12)","line":314,"loc":{"start":{"line":314,"column":32},"end":{"line":314,"column":61}},"skip":true}},"statementMap":{"1":{"start":{"line":26,"column":0},"end":{"line":325,"column":5}},"2":{"start":{"line":28,"column":4},"end":{"line":28,"column":14}},"3":{"start":{"line":33,"column":4},"end":{"line":60,"column":9}},"4":{"start":{"line":35,"column":8},"end":{"line":35,"column":19}},"5":{"start":{"line":37,"column":8},"end":{"line":49,"column":13}},"6":{"start":{"line":38,"column":12},"end":{"line":48,"column":13}},"7":{"start":{"line":39,"column":16},"end":{"line":42,"column":30}},"8":{"start":{"line":44,"column":16},"end":{"line":47,"column":27}},"9":{"start":{"line":51,"column":8},"end":{"line":53,"column":21}},"10":{"start":{"line":55,"column":8},"end":{"line":57,"column":45}},"11":{"start":{"line":59,"column":8},"end":{"line":59,"column":35}},"12":{"start":{"line":61,"column":4},"end":{"line":324,"column":5}},"13":{"start":{"line":69,"column":8},"end":{"line":121,"column":10},"skip":true},"14":{"start":{"line":70,"column":12},"end":{"line":88,"column":13},"skip":true},"15":{"start":{"line":76,"column":16},"end":{"line":87,"column":19},"skip":true},"16":{"start":{"line":79,"column":20},"end":{"line":86,"column":21},"skip":true},"17":{"start":{"line":82,"column":24},"end":{"line":82,"column":43},"skip":true},"18":{"start":{"line":83,"column":24},"end":{"line":83,"column":30},"skip":true},"19":{"start":{"line":85,"column":24},"end":{"line":85,"column":49},"skip":true},"20":{"start":{"line":89,"column":12},"end":{"line":107,"column":13},"skip":true},"21":{"start":{"line":92,"column":16},"end":{"line":102,"column":17},"skip":true},"22":{"start":{"line":93,"column":20},"end":{"line":93,"column":86},"skip":true},"23":{"start":{"line":94,"column":20},"end":{"line":95,"column":45},"skip":true},"24":{"start":{"line":96,"column":20},"end":{"line":96,"column":42},"skip":true},"25":{"start":{"line":97,"column":20},"end":{"line":97,"column":48},"skip":true},"26":{"start":{"line":100,"column":20},"end":{"line":100,"column":85},"skip":true},"27":{"start":{"line":101,"column":20},"end":{"line":101,"column":96},"skip":true},"28":{"start":{"line":103,"column":16},"end":{"line":103,"column":22},"skip":true},"29":{"start":{"line":106,"column":16},"end":{"line":106,"column":22},"skip":true},"30":{"start":{"line":108,"column":12},"end":{"line":120,"column":13},"skip":true},"31":{"start":{"line":114,"column":16},"end":{"line":119,"column":17},"skip":true},"32":{"start":{"line":116,"column":20},"end":{"line":116,"column":78},"skip":true},"33":{"start":{"line":118,"column":20},"end":{"line":118,"column":53},"skip":true},"34":{"start":{"line":123,"column":8},"end":{"line":141,"column":11},"skip":true},"35":{"start":{"line":124,"column":12},"end":{"line":124,"column":54},"skip":true},"36":{"start":{"line":125,"column":12},"end":{"line":140,"column":14},"skip":true},"37":{"start":{"line":126,"column":16},"end":{"line":126,"column":28},"skip":true},"38":{"start":{"line":127,"column":16},"end":{"line":127,"column":69},"skip":true},"39":{"start":{"line":128,"column":16},"end":{"line":128,"column":75},"skip":true},"40":{"start":{"line":129,"column":16},"end":{"line":131,"column":17},"skip":true},"41":{"start":{"line":130,"column":20},"end":{"line":130,"column":27},"skip":true},"42":{"start":{"line":133,"column":16},"end":{"line":137,"column":36},"skip":true},"43":{"start":{"line":134,"column":20},"end":{"line":136,"column":55},"skip":true},"44":{"start":{"line":139,"column":16},"end":{"line":139,"column":57},"skip":true},"45":{"start":{"line":143,"column":8},"end":{"line":147,"column":11},"skip":true},"46":{"start":{"line":144,"column":12},"end":{"line":146,"column":15},"skip":true},"47":{"start":{"line":145,"column":16},"end":{"line":145,"column":70},"skip":true},"48":{"start":{"line":149,"column":8},"end":{"line":149,"column":31},"skip":true},"49":{"start":{"line":150,"column":8},"end":{"line":150,"column":14},"skip":true},"50":{"start":{"line":158,"column":8},"end":{"line":158,"column":31},"skip":true},"51":{"start":{"line":160,"column":8},"end":{"line":160,"column":33},"skip":true},"52":{"start":{"line":161,"column":8},"end":{"line":161,"column":37},"skip":true},"53":{"start":{"line":162,"column":8},"end":{"line":162,"column":35},"skip":true},"54":{"start":{"line":164,"column":8},"end":{"line":164,"column":50},"skip":true},"55":{"start":{"line":166,"column":8},"end":{"line":256,"column":2},"skip":true},"56":{"start":{"line":258,"column":8},"end":{"line":286,"column":9},"skip":true},"57":{"start":{"line":259,"column":12},"end":{"line":269,"column":14},"skip":true},"58":{"start":{"line":271,"column":12},"end":{"line":285,"column":19},"skip":true},"59":{"start":{"line":274,"column":20},"end":{"line":274,"column":35},"skip":true},"60":{"start":{"line":275,"column":20},"end":{"line":284,"column":21},"skip":true},"61":{"start":{"line":277,"column":24},"end":{"line":277,"column":64},"skip":true},"62":{"start":{"line":279,"column":24},"end":{"line":279,"column":40},"skip":true},"63":{"start":{"line":281,"column":24},"end":{"line":281,"column":40},"skip":true},"64":{"start":{"line":283,"column":24},"end":{"line":283,"column":39},"skip":true},"65":{"start":{"line":288,"column":8},"end":{"line":290,"column":9},"skip":true},"66":{"start":{"line":289,"column":12},"end":{"line":289,"column":18},"skip":true},"67":{"start":{"line":291,"column":8},"end":{"line":293,"column":54},"skip":true},"68":{"start":{"line":294,"column":8},"end":{"line":301,"column":37},"skip":true},"69":{"start":{"line":302,"column":8},"end":{"line":302,"column":82},"skip":true},"70":{"start":{"line":305,"column":8},"end":{"line":307,"column":9},"skip":true},"71":{"start":{"line":306,"column":12},"end":{"line":306,"column":82},"skip":true},"72":{"start":{"line":309,"column":8},"end":{"line":311,"column":9},"skip":true},"73":{"start":{"line":310,"column":12},"end":{"line":310,"column":18},"skip":true},"74":{"start":{"line":312,"column":8},"end":{"line":312,"column":54},"skip":true},"75":{"start":{"line":313,"column":8},"end":{"line":313,"column":69},"skip":true},"76":{"start":{"line":314,"column":8},"end":{"line":322,"column":36},"skip":true},"77":{"start":{"line":315,"column":12},"end":{"line":315,"column":61},"skip":true},"78":{"start":{"line":316,"column":12},"end":{"line":319,"column":13},"skip":true},"79":{"start":{"line":317,"column":16},"end":{"line":317,"column":75},"skip":true},"80":{"start":{"line":318,"column":16},"end":{"line":318,"column":23},"skip":true},"81":{"start":{"line":320,"column":12},"end":{"line":320,"column":38},"skip":true},"82":{"start":{"line":321,"column":12},"end":{"line":321,"column":27},"skip":true},"83":{"start":{"line":323,"column":8},"end":{"line":323,"column":14},"skip":true}},"branchMap":{"1":{"line":39,"type":"binary-expr","locations":[{"start":{"line":39,"column":23},"end":{"line":39,"column":62}},{"start":{"line":40,"column":20},"end":{"line":40,"column":70}},{"start":{"line":41,"column":20},"end":{"line":41,"column":71}},{"start":{"line":42,"column":20},"end":{"line":42,"column":29}}]},"2":{"line":44,"type":"binary-expr","locations":[{"start":{"line":44,"column":23},"end":{"line":44,"column":37}},{"start":{"line":45,"column":20},"end":{"line":45,"column":61}},{"start":{"line":46,"column":20},"end":{"line":46,"column":70}},{"start":{"line":47,"column":20},"end":{"line":47,"column":26}}]},"3":{"line":51,"type":"cond-expr","locations":[{"start":{"line":52,"column":14},"end":{"line":52,"column":20}},{"start":{"line":53,"column":14},"end":{"line":53,"column":20}}]},"4":{"line":55,"type":"binary-expr","locations":[{"start":{"line":55,"column":16},"end":{"line":55,"column":44}},{"start":{"line":55,"column":49},"end":{"line":57,"column":43}}]},"5":{"line":55,"type":"cond-expr","locations":[{"start":{"line":56,"column":14},"end":{"line":56,"column":52}},{"start":{"line":57,"column":14},"end":{"line":57,"column":43}}]},"6":{"line":61,"type":"switch","locations":[{"start":{"line":68,"column":4},"end":{"line":150,"column":14},"skip":true},{"start":{"line":156,"column":4},"end":{"line":323,"column":14},"skip":true}]},"7":{"line":70,"type":"if","locations":[{"start":{"line":70,"column":12},"end":{"line":70,"column":12},"skip":true},{"start":{"line":70,"column":12},"end":{"line":70,"column":12},"skip":true}]},"8":{"line":70,"type":"binary-expr","locations":[{"start":{"line":70,"column":16},"end":{"line":70,"column":22},"skip":true},{"start":{"line":70,"column":27},"end":{"line":70,"column":32},"skip":true},{"start":{"line":71,"column":20},"end":{"line":71,"column":39},"skip":true},{"start":{"line":72,"column":20},"end":{"line":72,"column":49},"skip":true},{"start":{"line":73,"column":20},"end":{"line":73,"column":58},"skip":true},{"start":{"line":74,"column":20},"end":{"line":74,"column":69},"skip":true}]},"9":{"line":79,"type":"switch","locations":[{"start":{"line":80,"column":20},"end":{"line":80,"column":33},"skip":true},{"start":{"line":81,"column":20},"end":{"line":83,"column":30},"skip":true},{"start":{"line":84,"column":20},"end":{"line":85,"column":49},"skip":true}]},"10":{"line":89,"type":"switch","locations":[{"start":{"line":90,"column":12},"end":{"line":103,"column":22},"skip":true},{"start":{"line":105,"column":12},"end":{"line":106,"column":22},"skip":true}]},"11":{"line":89,"type":"binary-expr","locations":[{"start":{"line":89,"column":20},"end":{"line":89,"column":25},"skip":true},{"start":{"line":89,"column":29},"end":{"line":89,"column":48},"skip":true},{"start":{"line":89,"column":52},"end":{"line":89,"column":74},"skip":true}]},"12":{"line":92,"type":"if","locations":[{"start":{"line":92,"column":16},"end":{"line":92,"column":16},"skip":true},{"start":{"line":92,"column":16},"end":{"line":92,"column":16},"skip":true}]},"13":{"line":108,"type":"if","locations":[{"start":{"line":108,"column":12},"end":{"line":108,"column":12},"skip":true},{"start":{"line":108,"column":12},"end":{"line":108,"column":12},"skip":true}]},"14":{"line":108,"type":"binary-expr","locations":[{"start":{"line":108,"column":16},"end":{"line":108,"column":61},"skip":true},{"start":{"line":108,"column":66},"end":{"line":108,"column":72},"skip":true},{"start":{"line":108,"column":77},"end":{"line":108,"column":82},"skip":true},{"start":{"line":109,"column":20},"end":{"line":109,"column":39},"skip":true},{"start":{"line":110,"column":20},"end":{"line":110,"column":49},"skip":true},{"start":{"line":111,"column":20},"end":{"line":111,"column":58},"skip":true},{"start":{"line":112,"column":20},"end":{"line":112,"column":68},"skip":true}]},"15":{"line":129,"type":"if","locations":[{"start":{"line":129,"column":16},"end":{"line":129,"column":16},"skip":true},{"start":{"line":129,"column":16},"end":{"line":129,"column":16},"skip":true}]},"16":{"line":134,"type":"cond-expr","locations":[{"start":{"line":135,"column":26},"end":{"line":135,"column":29},"skip":true},{"start":{"line":136,"column":26},"end":{"line":136,"column":54},"skip":true}]},"17":{"line":164,"type":"binary-expr","locations":[{"start":{"line":164,"column":27},"end":{"line":164,"column":43},"skip":true},{"start":{"line":164,"column":47},"end":{"line":164,"column":49},"skip":true}]},"18":{"line":258,"type":"if","locations":[{"start":{"line":258,"column":8},"end":{"line":258,"column":8},"skip":true},{"start":{"line":258,"column":8},"end":{"line":258,"column":8},"skip":true}]},"19":{"line":275,"type":"switch","locations":[{"start":{"line":276,"column":20},"end":{"line":277,"column":64},"skip":true},{"start":{"line":278,"column":20},"end":{"line":279,"column":40},"skip":true},{"start":{"line":280,"column":20},"end":{"line":281,"column":40},"skip":true},{"start":{"line":282,"column":20},"end":{"line":283,"column":39},"skip":true}]},"20":{"line":288,"type":"if","locations":[{"start":{"line":288,"column":8},"end":{"line":288,"column":8},"skip":true},{"start":{"line":288,"column":8},"end":{"line":288,"column":8},"skip":true}]},"21":{"line":288,"type":"binary-expr","locations":[{"start":{"line":288,"column":12},"end":{"line":288,"column":40},"skip":true},{"start":{"line":288,"column":44},"end":{"line":288,"column":67},"skip":true}]},"22":{"line":292,"type":"binary-expr","locations":[{"start":{"line":292,"column":12},"end":{"line":292,"column":50},"skip":true},{"start":{"line":293,"column":12},"end":{"line":293,"column":53},"skip":true}]},"23":{"line":295,"type":"binary-expr","locations":[{"start":{"line":295,"column":12},"end":{"line":295,"column":66},"skip":true},{"start":{"line":296,"column":12},"end":{"line":301,"column":36},"skip":true}]},"24":{"line":302,"type":"binary-expr","locations":[{"start":{"line":302,"column":43},"end":{"line":302,"column":75},"skip":true},{"start":{"line":302,"column":79},"end":{"line":302,"column":81},"skip":true}]},"25":{"line":305,"type":"if","locations":[{"start":{"line":305,"column":8},"end":{"line":305,"column":8},"skip":true},{"start":{"line":305,"column":8},"end":{"line":305,"column":8},"skip":true}]},"26":{"line":309,"type":"if","locations":[{"start":{"line":309,"column":8},"end":{"line":309,"column":8},"skip":true},{"start":{"line":309,"column":8},"end":{"line":309,"column":8},"skip":true}]},"27":{"line":312,"type":"binary-expr","locations":[{"start":{"line":312,"column":27},"end":{"line":312,"column":43},"skip":true},{"start":{"line":312,"column":47},"end":{"line":312,"column":53},"skip":true}]},"28":{"line":316,"type":"if","locations":[{"start":{"line":316,"column":12},"end":{"line":316,"column":12},"skip":true},{"start":{"line":316,"column":12},"end":{"line":316,"column":12},"skip":true}]}},"code":["/*","example.js","","quickstart example","","instruction","    1. save this script as example.js","    2. run the shell command:","        $ npm install npmtest-qr-image && PORT=8081 node example.js","    3. play with the browser-demo on http://127.0.0.1:8081","*/","","","","/* istanbul instrument in package npmtest_qr_image */","/*jslint","    bitwise: true,","    browser: true,","    maxerr: 8,","    maxlen: 96,","    node: true,","    nomen: true,","    regexp: true,","    stupid: true","*/","(function () {","    'use strict';","    var local;","","","","    // run shared js-env code - pre-init","    (function () {","        // init local","        local = {};","        // init modeJs","        local.modeJs = (function () {","            try {","                return typeof navigator.userAgent === 'string' &&","                    typeof document.querySelector('body') === 'object' &&","                    typeof XMLHttpRequest.prototype.open === 'function' &&","                    'browser';","            } catch (errorCaughtBrowser) {","                return module.exports &&","                    typeof process.versions.node === 'string' &&","                    typeof require('http').createServer === 'function' &&","                    'node';","            }","        }());","        // init global","        local.global = local.modeJs === 'browser'","            ? window","            : global;","        // init utility2_rollup","        local = local.global.utility2_rollup || (local.modeJs === 'browser'","            ? local.global.utility2_npmtest_qr_image","            : global.utility2_moduleExports);","        // export local","        local.global.local = local;","    }());","    switch (local.modeJs) {","","","","    // post-init","    // run browser js-env code - post-init","    /* istanbul ignore next */","    case 'browser':","        local.testRunBrowser = function (event) {","            if (!event || (event &&","                    event.currentTarget &&","                    event.currentTarget.className &&","                    event.currentTarget.className.includes &&","                    event.currentTarget.className.includes('onreset'))) {","                // reset output","                Array.from(","                    document.querySelectorAll('body > .resettable')","                ).forEach(function (element) {","                    switch (element.tagName) {","                    case 'INPUT':","                    case 'TEXTAREA':","                        element.value = '';","                        break;","                    default:","                        element.textContent = '';","                    }","                });","            }","            switch (event && event.currentTarget && event.currentTarget.id) {","            case 'testRunButton1':","                // show tests","                if (document.querySelector('#testReportDiv1').style.display === 'none') {","                    document.querySelector('#testReportDiv1').style.display = 'block';","                    document.querySelector('#testRunButton1').textContent =","                        'hide internal test';","                    local.modeTest = true;","                    local.testRunDefault(local);","                // hide tests","                } else {","                    document.querySelector('#testReportDiv1').style.display = 'none';","                    document.querySelector('#testRunButton1').textContent = 'run internal test';","                }","                break;","            // custom-case","            default:","                break;","            }","            if (document.querySelector('#inputTextareaEval1') && (!event || (event &&","                    event.currentTarget &&","                    event.currentTarget.className &&","                    event.currentTarget.className.includes &&","                    event.currentTarget.className.includes('oneval')))) {","                // try to eval input-code","                try {","                    /*jslint evil: true*/","                    eval(document.querySelector('#inputTextareaEval1').value);","                } catch (errorCaught) {","                    console.error(errorCaught.stack);","                }","            }","        };","        // log stderr and stdout to #outputTextareaStdout1","        ['error', 'log'].forEach(function (key) {","            console[key + '_original'] = console[key];","            console[key] = function () {","                var element;","                console[key + '_original'].apply(console, arguments);","                element = document.querySelector('#outputTextareaStdout1');","                if (!element) {","                    return;","                }","                // append text to #outputTextareaStdout1","                element.value += Array.from(arguments).map(function (arg) {","                    return typeof arg === 'string'","                        ? arg","                        : JSON.stringify(arg, null, 4);","                }).join(' ') + '\\n';","                // scroll textarea to bottom","                element.scrollTop = element.scrollHeight;","            };","        });","        // init event-handling","        ['change', 'click', 'keyup'].forEach(function (event) {","            Array.from(document.querySelectorAll('.on' + event)).forEach(function (element) {","                element.addEventListener(event, local.testRunBrowser);","            });","        });","        // run tests","        local.testRunBrowser();","        break;","","","","    // run node js-env code - post-init","    /* istanbul ignore next */","    case 'node':","        // export local","        module.exports = local;","        // require modules","        local.fs = require('fs');","        local.http = require('http');","        local.url = require('url');","        // init assets","        local.assetsDict = local.assetsDict || {};","        /* jslint-ignore-begin */","        local.assetsDict['/assets.index.template.html'] = '\\","<!doctype html>\\n\\","<html lang=\"en\">\\n\\","<head>\\n\\","<meta charset=\"UTF-8\">\\n\\","<meta name=\"viewport\" content=\"width=device-width, initial-scale=1\">\\n\\","<title>{{env.npm_package_name}} (v{{env.npm_package_version}})</title>\\n\\","<style>\\n\\","/*csslint\\n\\","    box-sizing: false,\\n\\","    universal-selector: false\\n\\","*/\\n\\","* {\\n\\","    box-sizing: border-box;\\n\\","}\\n\\","body {\\n\\","    background: #dde;\\n\\","    font-family: Arial, Helvetica, sans-serif;\\n\\","    margin: 2rem;\\n\\","}\\n\\","body > * {\\n\\","    margin-bottom: 1rem;\\n\\","}\\n\\",".utility2FooterDiv {\\n\\","    margin-top: 20px;\\n\\","    text-align: center;\\n\\","}\\n\\","</style>\\n\\","<style>\\n\\","/*csslint\\n\\","*/\\n\\","textarea {\\n\\","    font-family: monospace;\\n\\","    height: 10rem;\\n\\","    width: 100%;\\n\\","}\\n\\","textarea[readonly] {\\n\\","    background: #ddd;\\n\\","}\\n\\","</style>\\n\\","</head>\\n\\","<body>\\n\\","<!-- utility2-comment\\n\\","<div id=\"ajaxProgressDiv1\" style=\"background: #d00; height: 2px; left: 0; margin: 0; padding: 0; position: fixed; top: 0; transition: background 0.5s, width 1.5s; width: 25%;\"></div>\\n\\","utility2-comment -->\\n\\","<h1>\\n\\","<!-- utility2-comment\\n\\","    <a\\n\\","        {{#if env.npm_package_homepage}}\\n\\","        href=\"{{env.npm_package_homepage}}\"\\n\\","        {{/if env.npm_package_homepage}}\\n\\","        target=\"_blank\"\\n\\","    >\\n\\","utility2-comment -->\\n\\","        {{env.npm_package_name}} (v{{env.npm_package_version}})\\n\\","<!-- utility2-comment\\n\\","    </a>\\n\\","utility2-comment -->\\n\\","</h1>\\n\\","<h3>{{env.npm_package_description}}</h3>\\n\\","<!-- utility2-comment\\n\\","<h4><a download href=\"assets.app.js\">download standalone app</a></h4>\\n\\","<button class=\"onclick onreset\" id=\"testRunButton1\">run internal test</button><br>\\n\\","<div id=\"testReportDiv1\" style=\"display: none;\"></div>\\n\\","utility2-comment -->\\n\\","\\n\\","\\n\\","\\n\\","<label>stderr and stdout</label>\\n\\","<textarea class=\"resettable\" id=\"outputTextareaStdout1\" readonly></textarea>\\n\\","<!-- utility2-comment\\n\\","{{#if isRollup}}\\n\\","<script src=\"assets.app.js\"></script>\\n\\","{{#unless isRollup}}\\n\\","utility2-comment -->\\n\\","<script src=\"assets.utility2.rollup.js\"></script>\\n\\","<script src=\"jsonp.utility2._stateInit?callback=window.utility2._stateInit\"></script>\\n\\","<script src=\"assets.npmtest_qr_image.rollup.js\"></script>\\n\\","<script src=\"assets.example.js\"></script>\\n\\","<script src=\"assets.test.js\"></script>\\n\\","<!-- utility2-comment\\n\\","{{/if isRollup}}\\n\\","utility2-comment -->\\n\\","<div class=\"utility2FooterDiv\">\\n\\","    [ this app was created with\\n\\","    <a href=\"https://github.com/kaizhu256/node-utility2\" target=\"_blank\">utility2</a>\\n\\","    ]\\n\\","</div>\\n\\","</body>\\n\\","</html>\\n\\","';","        /* jslint-ignore-end */","        if (local.templateRender) {","            local.assetsDict['/'] = local.templateRender(","                local.assetsDict['/assets.index.template.html'],","                {","                    env: local.objectSetDefault(local.env, {","                        npm_package_description: 'the greatest app in the world!',","                        npm_package_name: 'my-app',","                        npm_package_nameAlias: 'my_app',","                        npm_package_version: '0.0.1'","                    })","                }","            );","        } else {","            local.assetsDict['/'] = local.assetsDict['/assets.index.template.html']","                .replace((/\\{\\{env\\.(\\w+?)\\}\\}/g), function (match0, match1) {","                    // jslint-hack","                    String(match0);","                    switch (match1) {","                    case 'npm_package_description':","                        return 'the greatest app in the world!';","                    case 'npm_package_name':","                        return 'my-app';","                    case 'npm_package_nameAlias':","                        return 'my_app';","                    case 'npm_package_version':","                        return '0.0.1';","                    }","                });","        }","        // run the cli","        if (local.global.utility2_rollup || module !== require.main) {","            break;","        }","        local.assetsDict['/assets.example.js'] =","            local.assetsDict['/assets.example.js'] ||","            local.fs.readFileSync(__filename, 'utf8');","        local.assetsDict['/assets.npmtest_qr_image.rollup.js'] =","            local.assetsDict['/assets.npmtest_qr_image.rollup.js'] ||","            local.fs.readFileSync(","                // buildCustomOrg-hack","                local.npmtest_qr_image.__dirname +","                    '/lib.npmtest_qr_image.js',","                'utf8'","            ).replace((/^#!/), '//');","        local.assetsDict['/favicon.ico'] = local.assetsDict['/favicon.ico'] || '';","        // if $npm_config_timeout_exit exists,","        // then exit this process after $npm_config_timeout_exit ms","        if (Number(process.env.npm_config_timeout_exit)) {","            setTimeout(process.exit, Number(process.env.npm_config_timeout_exit));","        }","        // start server","        if (local.global.utility2_serverHttp1) {","            break;","        }","        process.env.PORT = process.env.PORT || '8081';","        console.error('server starting on port ' + process.env.PORT);","        local.http.createServer(function (request, response) {","            request.urlParsed = local.url.parse(request.url);","            if (local.assetsDict[request.urlParsed.pathname] !== undefined) {","                response.end(local.assetsDict[request.urlParsed.pathname]);","                return;","            }","            response.statusCode = 404;","            response.end();","        }).listen(process.env.PORT);","        break;","    }","}());",""],"l":{"26":2,"28":2,"33":2,"35":2,"37":2,"38":2,"39":2,"44":1,"51":2,"55":2,"59":2,"61":2,"69":1,"70":2,"76":2,"79":2,"82":2,"83":2,"85":1,"89":2,"92":1,"93":1,"94":1,"96":1,"97":1,"100":1,"101":1,"103":1,"106":1,"108":2,"114":1,"116":1,"118":1,"123":1,"124":2,"125":2,"126":2,"127":2,"128":2,"129":2,"130":1,"133":2,"134":2,"139":2,"143":1,"144":3,"145":1,"149":1,"150":1,"158":1,"160":1,"161":1,"162":1,"164":1,"166":1,"258":1,"259":1,"271":1,"274":6,"275":6,"277":1,"279":2,"281":1,"283":2,"288":1,"289":1,"291":1,"294":1,"302":1,"305":1,"306":1,"309":1,"310":1,"312":1,"313":1,"314":1,"315":1,"316":1,"317":1,"318":1,"320":1,"321":1,"323":1}},"/home/travis/build/npmtest/node-npmtest-qr-image/qr-image/lib/qr.js":{"path":"/home/travis/build/npmtest/node-npmtest-qr-image/qr-image/lib/qr.js","s":{"1":1,"2":1,"3":1,"4":1,"5":1,"6":1,"7":1,"8":1,"9":0,"10":0,"11":0,"12":0,"13":0,"14":0,"15":0,"16":0,"17":1,"18":0,"19":0,"20":0,"21":0,"22":0,"23":0,"24":0,"25":0,"26":0,"27":0,"28":0,"29":0,"30":0,"31":0,"32":0,"33":0,"34":0,"35":0,"36":0,"37":1,"38":0,"39":0,"40":0,"41":0,"42":0,"43":0,"44":0,"45":0,"46":0,"47":0,"48":0,"49":0,"50":0,"51":0,"52":1,"53":0,"54":0,"55":0,"56":1},"b":{"1":[0,0],"2":[0,0],"3":[0,0,0],"4":[0,0],"5":[0,0],"6":[0,0,0,0,0,0],"7":[0,0],"8":[0,0,0,0,0],"9":[0,0]},"f":{"1":0,"2":0,"3":0,"4":0,"5":0,"6":0,"7":0,"8":0},"fnMap":{"1":{"name":"(anonymous_1)","line":9,"loc":{"start":{"line":9,"column":14},"end":{"line":9,"column":25}}},"2":{"name":"get_options","line":26,"loc":{"start":{"line":26,"column":0},"end":{"line":26,"column":42}}},"3":{"name":"qr_image","line":45,"loc":{"start":{"line":45,"column":0},"end":{"line":45,"column":33}}},"4":{"name":"(anonymous_4)","line":56,"loc":{"start":{"line":56,"column":25},"end":{"line":56,"column":36}}},"5":{"name":"(anonymous_5)","line":62,"loc":{"start":{"line":62,"column":25},"end":{"line":62,"column":36}}},"6":{"name":"(anonymous_6)","line":70,"loc":{"start":{"line":70,"column":25},"end":{"line":70,"column":36}}},"7":{"name":"qr_image_sync","line":82,"loc":{"start":{"line":82,"column":0},"end":{"line":82,"column":38}}},"8":{"name":"svg_object","line":109,"loc":{"start":{"line":109,"column":0},"end":{"line":109,"column":35}}}},"statementMap":{"1":{"start":{"line":3,"column":0},"end":{"line":3,"column":42}},"2":{"start":{"line":5,"column":0},"end":{"line":5,"column":33}},"3":{"start":{"line":6,"column":0},"end":{"line":6,"column":27}},"4":{"start":{"line":7,"column":0},"end":{"line":7,"column":33}},"5":{"start":{"line":9,"column":0},"end":{"line":9,"column":28}},"6":{"start":{"line":11,"column":0},"end":{"line":17,"column":2}},"7":{"start":{"line":19,"column":0},"end":{"line":24,"column":2}},"8":{"start":{"line":26,"column":0},"end":{"line":43,"column":1}},"9":{"start":{"line":27,"column":4},"end":{"line":31,"column":5}},"10":{"start":{"line":28,"column":8},"end":{"line":28,"column":41}},"11":{"start":{"line":30,"column":8},"end":{"line":30,"column":32}},"12":{"start":{"line":32,"column":4},"end":{"line":34,"column":6}},"13":{"start":{"line":36,"column":4},"end":{"line":36,"column":76}},"14":{"start":{"line":38,"column":4},"end":{"line":40,"column":5}},"15":{"start":{"line":39,"column":8},"end":{"line":39,"column":62}},"16":{"start":{"line":42,"column":4},"end":{"line":42,"column":20}},"17":{"start":{"line":45,"column":0},"end":{"line":80,"column":1}},"18":{"start":{"line":46,"column":4},"end":{"line":46,"column":35}},"19":{"start":{"line":48,"column":4},"end":{"line":48,"column":63}},"20":{"start":{"line":49,"column":4},"end":{"line":49,"column":32}},"21":{"start":{"line":50,"column":4},"end":{"line":50,"column":27}},"22":{"start":{"line":52,"column":4},"end":{"line":77,"column":5}},"23":{"start":{"line":56,"column":8},"end":{"line":58,"column":11}},"24":{"start":{"line":57,"column":12},"end":{"line":57,"column":79}},"25":{"start":{"line":59,"column":8},"end":{"line":59,"column":14}},"26":{"start":{"line":62,"column":8},"end":{"line":66,"column":11}},"27":{"start":{"line":63,"column":12},"end":{"line":63,"column":78}},"28":{"start":{"line":64,"column":12},"end":{"line":64,"column":34}},"29":{"start":{"line":65,"column":12},"end":{"line":65,"column":30}},"30":{"start":{"line":67,"column":8},"end":{"line":67,"column":14}},"31":{"start":{"line":70,"column":8},"end":{"line":76,"column":11}},"32":{"start":{"line":71,"column":12},"end":{"line":71,"column":74}},"33":{"start":{"line":72,"column":12},"end":{"line":74,"column":13}},"34":{"start":{"line":73,"column":16},"end":{"line":73,"column":42}},"35":{"start":{"line":75,"column":12},"end":{"line":75,"column":36}},"36":{"start":{"line":79,"column":4},"end":{"line":79,"column":18}},"37":{"start":{"line":82,"column":0},"end":{"line":107,"column":1}},"38":{"start":{"line":83,"column":4},"end":{"line":83,"column":35}},"39":{"start":{"line":85,"column":4},"end":{"line":85,"column":63}},"40":{"start":{"line":86,"column":4},"end":{"line":86,"column":20}},"41":{"start":{"line":87,"column":4},"end":{"line":87,"column":15}},"42":{"start":{"line":89,"column":4},"end":{"line":104,"column":5}},"43":{"start":{"line":93,"column":8},"end":{"line":93,"column":75}},"44":{"start":{"line":94,"column":8},"end":{"line":94,"column":49}},"45":{"start":{"line":95,"column":8},"end":{"line":95,"column":14}},"46":{"start":{"line":98,"column":8},"end":{"line":98,"column":70}},"47":{"start":{"line":99,"column":8},"end":{"line":101,"column":9}},"48":{"start":{"line":100,"column":12},"end":{"line":100,"column":38}},"49":{"start":{"line":102,"column":8},"end":{"line":102,"column":32}},"50":{"start":{"line":103,"column":8},"end":{"line":103,"column":55}},"51":{"start":{"line":106,"column":4},"end":{"line":106,"column":18}},"52":{"start":{"line":109,"column":0},"end":{"line":114,"column":1}},"53":{"start":{"line":110,"column":4},"end":{"line":110,"column":42}},"54":{"start":{"line":112,"column":4},"end":{"line":112,"column":44}},"55":{"start":{"line":113,"column":4},"end":{"line":113,"column":53}},"56":{"start":{"line":116,"column":0},"end":{"line":121,"column":2}}},"branchMap":{"1":{"line":27,"type":"if","locations":[{"start":{"line":27,"column":4},"end":{"line":27,"column":4}},{"start":{"line":27,"column":4},"end":{"line":27,"column":4}}]},"2":{"line":30,"type":"binary-expr","locations":[{"start":{"line":30,"column":18},"end":{"line":30,"column":25}},{"start":{"line":30,"column":29},"end":{"line":30,"column":31}}]},"3":{"line":33,"type":"binary-expr","locations":[{"start":{"line":33,"column":21},"end":{"line":33,"column":31}},{"start":{"line":33,"column":35},"end":{"line":33,"column":47}},{"start":{"line":33,"column":51},"end":{"line":33,"column":56}}]},"4":{"line":36,"type":"cond-expr","locations":[{"start":{"line":36,"column":44},"end":{"line":36,"column":58}},{"start":{"line":36,"column":61},"end":{"line":36,"column":75}}]},"5":{"line":39,"type":"cond-expr","locations":[{"start":{"line":39,"column":37},"end":{"line":39,"column":47}},{"start":{"line":39,"column":50},"end":{"line":39,"column":61}}]},"6":{"line":52,"type":"switch","locations":[{"start":{"line":53,"column":4},"end":{"line":53,"column":15}},{"start":{"line":54,"column":4},"end":{"line":54,"column":15}},{"start":{"line":55,"column":4},"end":{"line":59,"column":14}},{"start":{"line":60,"column":4},"end":{"line":67,"column":14}},{"start":{"line":68,"column":4},"end":{"line":68,"column":15}},{"start":{"line":69,"column":4},"end":{"line":76,"column":11}}]},"7":{"line":72,"type":"if","locations":[{"start":{"line":72,"column":12},"end":{"line":72,"column":12}},{"start":{"line":72,"column":12},"end":{"line":72,"column":12}}]},"8":{"line":89,"type":"switch","locations":[{"start":{"line":90,"column":4},"end":{"line":90,"column":15}},{"start":{"line":91,"column":4},"end":{"line":91,"column":15}},{"start":{"line":92,"column":4},"end":{"line":95,"column":14}},{"start":{"line":96,"column":4},"end":{"line":96,"column":15}},{"start":{"line":97,"column":4},"end":{"line":103,"column":55}}]},"9":{"line":99,"type":"if","locations":[{"start":{"line":99,"column":8},"end":{"line":99,"column":8}},{"start":{"line":99,"column":8},"end":{"line":99,"column":8}}]}},"code":["\"use strict\";","","var Readable = require('stream').Readable;","","var QR = require('./qr-base').QR;","var png = require('./png');","var vector = require('./vector');","","var fn_noop = function() {};","","var BITMAP_OPTIONS = {","    parse_url: false,","    ec_level: 'M',","    size: 5,","    margin: 4,","    customize: null","};","","var VECTOR_OPTIONS = {","    parse_url: false,","    ec_level: 'M',","    margin: 1,","    size: 0","};","","function get_options(options, force_type) {","    if (typeof options === 'string') {","        options = { 'ec_level': options }","    } else {","        options = options || {};","    }","    var _options = {","        type: String(force_type || options.type || 'png').toLowerCase()","    };","","    var defaults = _options.type == 'png' ? BITMAP_OPTIONS : VECTOR_OPTIONS;","","    for (var k in defaults) {","        _options[k] = k in options ? options[k] : defaults[k];","    }","","    return _options;","}","","function qr_image(text, options) {","    options = get_options(options);","","    var matrix = QR(text, options.ec_level, options.parse_url);","    var stream = new Readable();","    stream._read = fn_noop;","","    switch (options.type) {","    case 'svg':","    case 'pdf':","    case 'eps':","        process.nextTick(function() {","            vector[options.type](matrix, stream, options.margin, options.size);","        });","        break;","    case 'svgpath':","        // deprecated, use svg_object method","        process.nextTick(function() {","            var obj = vector.svg_object(matrix, options.margin, options.size);","            stream.push(obj.path);","            stream.push(null);","        });","        break;","    case 'png':","    default:","        process.nextTick(function() {","            var bitmap = png.bitmap(matrix, options.size, options.margin);","            if (options.customize) {","                options.customize(bitmap);","            }","            png.png(bitmap, stream);","        });","    }","","    return stream;","}","","function qr_image_sync(text, options) {","    options = get_options(options);","","    var matrix = QR(text, options.ec_level, options.parse_url);","    var stream = [];","    var result;","","    switch (options.type) {","    case 'svg':","    case 'pdf':","    case 'eps':","        vector[options.type](matrix, stream, options.margin, options.size);","        result = stream.filter(Boolean).join('');","        break;","    case 'png':","    default:","        var bitmap = png.bitmap(matrix, options.size, options.margin);","        if (options.customize) {","            options.customize(bitmap);","        }","        png.png(bitmap, stream);","        result = Buffer.concat(stream.filter(Boolean));","    }","","    return result;","}","","function svg_object(text, options) {","    options = get_options(options, 'svg');","","    var matrix = QR(text, options.ec_level);","    return vector.svg_object(matrix, options.margin);","}","","module.exports = {","    matrix: QR,","    image: qr_image,","    imageSync: qr_image_sync,","    svgObject: svg_object","};",""],"l":{"3":1,"5":1,"6":1,"7":1,"9":1,"11":1,"19":1,"26":1,"27":0,"28":0,"30":0,"32":0,"36":0,"38":0,"39":0,"42":0,"45":1,"46":0,"48":0,"49":0,"50":0,"52":0,"56":0,"57":0,"59":0,"62":0,"63":0,"64":0,"65":0,"67":0,"70":0,"71":0,"72":0,"73":0,"75":0,"79":0,"82":1,"83":0,"85":0,"86":0,"87":0,"89":0,"93":0,"94":0,"95":0,"98":0,"99":0,"100":0,"102":0,"103":0,"106":0,"109":1,"110":0,"112":0,"113":0,"116":1}},"/home/travis/build/npmtest/node-npmtest-qr-image/qr-image/lib/qr-base.js":{"path":"/home/travis/build/npmtest/node-npmtest-qr-image/qr-image/lib/qr-base.js","s":{"1":1,"2":1,"3":1,"4":1,"5":0,"6":1,"7":1,"8":1,"9":41,"10":1,"11":40,"12":40,"13":160,"14":160,"15":160,"16":160,"17":160,"18":3435,"19":3435,"20":3435,"21":160,"22":40,"23":1,"24":0,"25":0,"26":0,"27":0,"28":0,"29":0,"30":0,"31":0,"32":0,"33":0,"34":0,"35":0,"36":0,"37":0,"38":0,"39":0,"40":0,"41":0,"42":0,"43":0,"44":0,"45":0,"46":1,"47":0,"48":0,"49":0,"50":0,"51":0,"52":0,"53":0,"54":0,"55":0,"56":0,"57":0,"58":0,"59":0,"60":0,"61":0,"62":0,"63":0,"64":0,"65":0,"66":0,"67":0,"68":0,"69":0,"70":0,"71":1,"72":0,"73":0,"74":0,"75":0,"76":1},"b":{"1":[1,40],"2":[0,0],"3":[0,0],"4":[0,0],"5":[0,0],"6":[0,0],"7":[0,0],"8":[0,0],"9":[0,0],"10":[0,0],"11":[0,0]},"f":{"1":0,"2":41,"3":0,"4":0,"5":0,"6":0},"fnMap":{"1":{"name":"_deepCopy","line":7,"loc":{"start":{"line":7,"column":0},"end":{"line":7,"column":24}}},"2":{"name":"(anonymous_2)","line":59,"loc":{"start":{"line":59,"column":24},"end":{"line":59,"column":43}}},"3":{"name":"getTemplate","line":89,"loc":{"start":{"line":89,"column":0},"end":{"line":89,"column":40}}},"4":{"name":"fillTemplate","line":128,"loc":{"start":{"line":128,"column":0},"end":{"line":128,"column":41}}},"5":{"name":"(anonymous_5)","line":157,"loc":{"start":{"line":157,"column":42},"end":{"line":157,"column":54}}},"6":{"name":"QR","line":168,"loc":{"start":{"line":168,"column":0},"end":{"line":168,"column":39}}}},"statementMap":{"1":{"start":{"line":3,"column":0},"end":{"line":3,"column":33}},"2":{"start":{"line":4,"column":0},"end":{"line":4,"column":41}},"3":{"start":{"line":5,"column":0},"end":{"line":5,"column":33}},"4":{"start":{"line":7,"column":0},"end":{"line":9,"column":1}},"5":{"start":{"line":8,"column":4},"end":{"line":8,"column":43}},"6":{"start":{"line":11,"column":0},"end":{"line":11,"column":37}},"7":{"start":{"line":14,"column":0},"end":{"line":57,"column":2}},"8":{"start":{"line":59,"column":0},"end":{"line":86,"column":3}},"9":{"start":{"line":60,"column":4},"end":{"line":60,"column":26}},"10":{"start":{"line":60,"column":16},"end":{"line":60,"column":26}},"11":{"start":{"line":62,"column":4},"end":{"line":63,"column":5}},"12":{"start":{"line":64,"column":4},"end":{"line":84,"column":5}},"13":{"start":{"line":65,"column":8},"end":{"line":65,"column":33}},"14":{"start":{"line":66,"column":8},"end":{"line":66,"column":34}},"15":{"start":{"line":67,"column":8},"end":{"line":67,"column":42}},"16":{"start":{"line":68,"column":8},"end":{"line":75,"column":9}},"17":{"start":{"line":77,"column":8},"end":{"line":82,"column":9}},"18":{"start":{"line":78,"column":12},"end":{"line":78,"column":34}},"19":{"start":{"line":79,"column":12},"end":{"line":79,"column":37}},"20":{"start":{"line":80,"column":12},"end":{"line":80,"column":23}},"21":{"start":{"line":83,"column":8},"end":{"line":83,"column":30}},"22":{"start":{"line":85,"column":4},"end":{"line":85,"column":15}},"23":{"start":{"line":89,"column":0},"end":{"line":125,"column":1}},"24":{"start":{"line":90,"column":4},"end":{"line":90,"column":14}},"25":{"start":{"line":91,"column":4},"end":{"line":91,"column":12}},"26":{"start":{"line":93,"column":4},"end":{"line":97,"column":5}},"27":{"start":{"line":94,"column":8},"end":{"line":94,"column":50}},"28":{"start":{"line":96,"column":8},"end":{"line":96,"column":15}},"29":{"start":{"line":98,"column":4},"end":{"line":103,"column":5}},"30":{"start":{"line":99,"column":8},"end":{"line":99,"column":44}},"31":{"start":{"line":100,"column":8},"end":{"line":102,"column":9}},"32":{"start":{"line":101,"column":12},"end":{"line":101,"column":38}},"33":{"start":{"line":105,"column":4},"end":{"line":109,"column":5}},"34":{"start":{"line":106,"column":8},"end":{"line":106,"column":51}},"35":{"start":{"line":108,"column":8},"end":{"line":108,"column":15}},"36":{"start":{"line":110,"column":4},"end":{"line":115,"column":5}},"37":{"start":{"line":111,"column":8},"end":{"line":111,"column":44}},"38":{"start":{"line":112,"column":8},"end":{"line":114,"column":9}},"39":{"start":{"line":113,"column":12},"end":{"line":113,"column":38}},"40":{"start":{"line":117,"column":4},"end":{"line":117,"column":47}},"41":{"start":{"line":118,"column":4},"end":{"line":123,"column":5}},"42":{"start":{"line":119,"column":8},"end":{"line":119,"column":44}},"43":{"start":{"line":120,"column":8},"end":{"line":122,"column":9}},"44":{"start":{"line":121,"column":12},"end":{"line":121,"column":38}},"45":{"start":{"line":124,"column":4},"end":{"line":124,"column":37}},"46":{"start":{"line":128,"column":0},"end":{"line":165,"column":1}},"47":{"start":{"line":129,"column":4},"end":{"line":129,"column":47}},"48":{"start":{"line":130,"column":4},"end":{"line":130,"column":19}},"49":{"start":{"line":132,"column":4},"end":{"line":138,"column":5}},"50":{"start":{"line":133,"column":8},"end":{"line":133,"column":32}},"51":{"start":{"line":134,"column":11},"end":{"line":138,"column":5}},"52":{"start":{"line":135,"column":8},"end":{"line":135,"column":33}},"53":{"start":{"line":137,"column":8},"end":{"line":137,"column":33}},"54":{"start":{"line":140,"column":4},"end":{"line":140,"column":29}},"55":{"start":{"line":142,"column":4},"end":{"line":148,"column":5}},"56":{"start":{"line":143,"column":8},"end":{"line":143,"column":18}},"57":{"start":{"line":144,"column":8},"end":{"line":146,"column":9}},"58":{"start":{"line":145,"column":12},"end":{"line":145,"column":52}},"59":{"start":{"line":147,"column":8},"end":{"line":147,"column":26}},"60":{"start":{"line":150,"column":4},"end":{"line":150,"column":18}},"61":{"start":{"line":151,"column":4},"end":{"line":154,"column":5}},"62":{"start":{"line":152,"column":8},"end":{"line":152,"column":24}},"63":{"start":{"line":153,"column":8},"end":{"line":153,"column":38}},"64":{"start":{"line":156,"column":4},"end":{"line":156,"column":19}},"65":{"start":{"line":157,"column":4},"end":{"line":162,"column":7}},"66":{"start":{"line":158,"column":8},"end":{"line":158,"column":49}},"67":{"start":{"line":159,"column":8},"end":{"line":159,"column":20}},"68":{"start":{"line":160,"column":8},"end":{"line":160,"column":58}},"69":{"start":{"line":161,"column":8},"end":{"line":161,"column":17}},"70":{"start":{"line":164,"column":4},"end":{"line":164,"column":20}},"71":{"start":{"line":168,"column":0},"end":{"line":173,"column":1}},"72":{"start":{"line":169,"column":4},"end":{"line":169,"column":65}},"73":{"start":{"line":170,"column":4},"end":{"line":170,"column":42}},"74":{"start":{"line":171,"column":4},"end":{"line":171,"column":69}},"75":{"start":{"line":172,"column":4},"end":{"line":172,"column":34}},"76":{"start":{"line":176,"column":0},"end":{"line":180,"column":1}}},"branchMap":{"1":{"line":60,"type":"if","locations":[{"start":{"line":60,"column":4},"end":{"line":60,"column":4}},{"start":{"line":60,"column":4},"end":{"line":60,"column":4}}]},"2":{"line":93,"type":"if","locations":[{"start":{"line":93,"column":4},"end":{"line":93,"column":4}},{"start":{"line":93,"column":4},"end":{"line":93,"column":4}}]},"3":{"line":100,"type":"if","locations":[{"start":{"line":100,"column":8},"end":{"line":100,"column":8}},{"start":{"line":100,"column":8},"end":{"line":100,"column":8}}]},"4":{"line":105,"type":"if","locations":[{"start":{"line":105,"column":4},"end":{"line":105,"column":4}},{"start":{"line":105,"column":4},"end":{"line":105,"column":4}}]},"5":{"line":112,"type":"if","locations":[{"start":{"line":112,"column":8},"end":{"line":112,"column":8}},{"start":{"line":112,"column":8},"end":{"line":112,"column":8}}]},"6":{"line":120,"type":"if","locations":[{"start":{"line":120,"column":8},"end":{"line":120,"column":8}},{"start":{"line":120,"column":8},"end":{"line":120,"column":8}}]},"7":{"line":132,"type":"if","locations":[{"start":{"line":132,"column":4},"end":{"line":132,"column":4}},{"start":{"line":132,"column":4},"end":{"line":132,"column":4}}]},"8":{"line":134,"type":"if","locations":[{"start":{"line":134,"column":11},"end":{"line":134,"column":11}},{"start":{"line":134,"column":11},"end":{"line":134,"column":11}}]},"9":{"line":145,"type":"cond-expr","locations":[{"start":{"line":145,"column":45},"end":{"line":145,"column":46}},{"start":{"line":145,"column":49},"end":{"line":145,"column":50}}]},"10":{"line":153,"type":"cond-expr","locations":[{"start":{"line":153,"column":29},"end":{"line":153,"column":31}},{"start":{"line":153,"column":34},"end":{"line":153,"column":37}}]},"11":{"line":169,"type":"cond-expr","locations":[{"start":{"line":169,"column":50},"end":{"line":169,"column":58}},{"start":{"line":169,"column":61},"end":{"line":169,"column":64}}]}},"code":["\"use strict\";","","var encode = require('./encode');","var calculateEC = require('./errorcode');","var matrix = require('./matrix');","","function _deepCopy(obj) {","    return JSON.parse(JSON.stringify(obj));","}","","var EC_LEVELS = ['L', 'M', 'Q', 'H'];","","// {{{1 Versions","var versions = [","    [], // there is no version 0","    // total number of codewords, (number of ec codewords, number of blocks) * ( L, M, Q, H )","    [26, 7, 1, 10, 1, 13, 1, 17, 1],","    [44, 10, 1, 16, 1, 22, 1, 28, 1],","    [70, 15, 1, 26, 1, 36, 2, 44, 2],","    [100, 20, 1, 36, 2, 52, 2, 64, 4],","    [134, 26, 1, 48, 2, 72, 4, 88, 4], // 5","    [172, 36, 2, 64, 4, 96, 4, 112, 4],","    [196, 40, 2, 72, 4, 108, 6, 130, 5],","    [242, 48, 2, 88, 4, 132, 6, 156, 6],","    [292, 60, 2, 110, 5, 160, 8, 192, 8],","    [346, 72, 4, 130, 5, 192, 8, 224, 8], // 10","    [404, 80, 4, 150, 5, 224, 8, 264, 11],","    [466, 96, 4, 176, 8, 260, 10, 308, 11],","    [532, 104, 4, 198, 9, 288, 12, 352, 16],","    [581, 120, 4, 216, 9, 320, 16, 384, 16],","    [655, 132, 6, 240, 10, 360, 12, 432, 18], // 15","    [733, 144, 6, 280, 10, 408, 17, 480, 16],","    [815, 168, 6, 308, 11, 448, 16, 532, 19],","    [901, 180, 6, 338, 13, 504, 18, 588, 21],","    [991, 196, 7, 364, 14, 546, 21, 650, 25],","    [1085, 224, 8, 416, 16, 600, 20, 700, 25], // 20","    [1156, 224, 8, 442, 17, 644, 23, 750, 25],","    [1258, 252, 9, 476, 17, 690, 23, 816, 34],","    [1364, 270, 9, 504, 18, 750, 25, 900, 30],","    [1474, 300, 10, 560, 20, 810, 27, 960, 32],","    [1588, 312, 12, 588, 21, 870, 29, 1050, 35], // 25","    [1706, 336, 12, 644, 23, 952, 34, 1110, 37],","    [1828, 360, 12, 700, 25, 1020, 34, 1200, 40],","    [1921, 390, 13, 728, 26, 1050, 35, 1260, 42],","    [2051, 420, 14, 784, 28, 1140, 38, 1350, 45],","    [2185, 450, 15, 812, 29, 1200, 40, 1440, 48], // 30","    [2323, 480, 16, 868, 31, 1290, 43, 1530, 51],","    [2465, 510, 17, 924, 33, 1350, 45, 1620, 54],","    [2611, 540, 18, 980, 35, 1440, 48, 1710, 57],","    [2761, 570, 19, 1036, 37, 1530, 51, 1800, 60],","    [2876, 570, 19, 1064, 38, 1590, 53, 1890, 63], // 35","    [3034, 600, 20, 1120, 40, 1680, 56, 1980, 66],","    [3196, 630, 21, 1204, 43, 1770, 59, 2100, 70],","    [3362, 660, 22, 1260, 45, 1860, 62, 2220, 74],","    [3532, 720, 24, 1316, 47, 1950, 65, 2310, 77],","    [3706, 750, 25, 1372, 49, 2040, 68, 2430, 81] // 40","];","","versions = versions.map(function(v, index) {","    if (!index) return {};","","    var res = {","    }","    for (var i = 1; i < 8; i += 2) {","        var length = v[0] - v[i];","        var num_template = v[i+1];","        var ec_level = EC_LEVELS[(i/2)|0];","        var level = {","            version: index,","            ec_level: ec_level,","            data_len: length,","            ec_len: v[i] / num_template,","            blocks: [],","            ec: []","        }","","        for (var k = num_template, n = length; k > 0; k--) {","            var block = (n / k)|0;","            level.blocks.push(block);","            n -= block;","","        }","        res[ec_level] = level;","    }","    return res;","});","","// {{{1 Get version template","function getTemplate(message, ec_level) {","    var i = 1;","    var len;","","    if (message.data1) {","        len = Math.ceil(message.data1.length / 8);","    } else {","        i = 10;","    }","    for (/* i */; i < 10; i++) {","        var version = versions[i][ec_level];","        if (version.data_len >= len) {","            return _deepCopy(version);","        }","    }","","    if (message.data10) {","        len = Math.ceil(message.data10.length / 8);","    } else {","        i = 27;","    }","    for (/* i */; i < 27; i++) {","        var version = versions[i][ec_level];","        if (version.data_len >= len) {","            return _deepCopy(version);","        }","    }","","    len = Math.ceil(message.data27.length / 8);","    for (/* i */; i < 41; i++) {","        var version = versions[i][ec_level];","        if (version.data_len >= len) {","            return _deepCopy(version);","        }","    }","    throw new Error(\"Too much data\");","}","","// {{{1 Fill template","function fillTemplate(message, template) {","    var blocks = new Buffer(template.data_len);","    blocks.fill(0);","","    if (template.version < 10) {","        message = message.data1;","    } else if (template.version < 27) {","        message = message.data10;","    } else {","        message = message.data27;","    }","","    var len = message.length;","","    for (var i = 0; i < len; i += 8) {","        var b = 0;","        for (var j = 0; j < 8; j++) {","            b = (b << 1) | (message[i + j] ? 1 : 0);","        }","        blocks[i / 8] = b;","    }","","    var pad = 236;","    for (var i = Math.ceil((len + 4) / 8); i < blocks.length; i++) {","        blocks[i] = pad;","        pad = (pad == 236) ? 17 : 236;","    }","","    var offset = 0;","    template.blocks = template.blocks.map(function(n) {","        var b = blocks.slice(offset, offset + n);","        offset += n;","        template.ec.push(calculateEC(b, template.ec_len));","        return b;","    });","","    return template;","}","","// {{{1 All-in-one","function QR(text, ec_level, parse_url) {","    ec_level = EC_LEVELS.indexOf(ec_level) > -1 ? ec_level : 'M';","    var message = encode(text, parse_url);","    var data = fillTemplate(message, getTemplate(message, ec_level));","    return matrix.getMatrix(data);","}","","// {{{1 export functions","module.exports = {","    QR: QR,","    getTemplate: getTemplate,","    fillTemplate: fillTemplate,","}",""],"l":{"3":1,"4":1,"5":1,"7":1,"8":0,"11":1,"14":1,"59":1,"60":41,"62":40,"64":40,"65":160,"66":160,"67":160,"68":160,"77":160,"78":3435,"79":3435,"80":3435,"83":160,"85":40,"89":1,"90":0,"91":0,"93":0,"94":0,"96":0,"98":0,"99":0,"100":0,"101":0,"105":0,"106":0,"108":0,"110":0,"111":0,"112":0,"113":0,"117":0,"118":0,"119":0,"120":0,"121":0,"124":0,"128":1,"129":0,"130":0,"132":0,"133":0,"134":0,"135":0,"137":0,"140":0,"142":0,"143":0,"144":0,"145":0,"147":0,"150":0,"151":0,"152":0,"153":0,"156":0,"157":0,"158":0,"159":0,"160":0,"161":0,"164":0,"168":1,"169":0,"170":0,"171":0,"172":0,"176":1}},"/home/travis/build/npmtest/node-npmtest-qr-image/qr-image/lib/encode.js":{"path":"/home/travis/build/npmtest/node-npmtest-qr-image/qr-image/lib/encode.js","s":{"1":1,"2":0,"3":0,"4":1,"5":0,"6":0,"7":0,"8":0,"9":0,"10":0,"11":0,"12":0,"13":0,"14":0,"15":0,"16":0,"17":0,"18":1,"19":1,"20":1,"21":45,"22":1,"23":1,"24":0,"25":0,"26":0,"27":0,"28":0,"29":0,"30":0,"31":0,"32":0,"33":0,"34":0,"35":0,"36":0,"37":0,"38":0,"39":0,"40":0,"41":0,"42":0,"43":0,"44":0,"45":0,"46":1,"47":0,"48":0,"49":0,"50":0,"51":0,"52":0,"53":0,"54":0,"55":0,"56":0,"57":0,"58":0,"59":0,"60":0,"61":0,"62":0,"63":0,"64":0,"65":0,"66":1,"67":0,"68":0,"69":0,"70":0,"71":0,"72":0,"73":0,"74":0,"75":0,"76":0,"77":0,"78":1,"79":0,"80":0,"81":0,"82":0,"83":0,"84":0,"85":0,"86":0,"87":0,"88":0,"89":0,"90":0,"91":0,"92":0,"93":0,"94":0,"95":0,"96":0,"97":0,"98":0,"99":0,"100":0,"101":0,"102":0,"103":1},"b":{"1":[0,0],"2":[0,0],"3":[0,0],"4":[0,0],"5":[0,0],"6":[0,0],"7":[0,0],"8":[0,0],"9":[0,0],"10":[0,0],"11":[0,0],"12":[0,0],"13":[0,0],"14":[0,0],"15":[0,0],"16":[0,0],"17":[0,0],"18":[0,0],"19":[0,0],"20":[0,0],"21":[0,0],"22":[0,0],"23":[0,0],"24":[0,0]},"f":{"1":0,"2":0,"3":1,"4":0,"5":0,"6":0,"7":0},"fnMap":{"1":{"name":"pushBits","line":3,"loc":{"start":{"line":3,"column":0},"end":{"line":3,"column":33}}},"2":{"name":"encode_8bit","line":10,"loc":{"start":{"line":10,"column":0},"end":{"line":10,"column":27}}},"3":{"name":"(anonymous_3)","line":34,"loc":{"start":{"line":34,"column":16},"end":{"line":34,"column":28}}},"4":{"name":"encode_alphanum","line":42,"loc":{"start":{"line":42,"column":0},"end":{"line":42,"column":30}}},"5":{"name":"encode_numeric","line":78,"loc":{"start":{"line":78,"column":0},"end":{"line":78,"column":29}}},"6":{"name":"encode_url","line":110,"loc":{"start":{"line":110,"column":0},"end":{"line":110,"column":25}}},"7":{"name":"encode","line":134,"loc":{"start":{"line":134,"column":0},"end":{"line":134,"column":33}}}},"statementMap":{"1":{"start":{"line":3,"column":0},"end":{"line":7,"column":1}},"2":{"start":{"line":4,"column":4},"end":{"line":6,"column":5}},"3":{"start":{"line":5,"column":8},"end":{"line":5,"column":38}},"4":{"start":{"line":10,"column":0},"end":{"line":31,"column":1}},"5":{"start":{"line":11,"column":4},"end":{"line":11,"column":26}},"6":{"start":{"line":12,"column":4},"end":{"line":12,"column":18}},"7":{"start":{"line":14,"column":4},"end":{"line":16,"column":5}},"8":{"start":{"line":15,"column":8},"end":{"line":15,"column":35}},"9":{"start":{"line":18,"column":4},"end":{"line":18,"column":17}},"10":{"start":{"line":20,"column":4},"end":{"line":20,"column":25}},"11":{"start":{"line":21,"column":4},"end":{"line":21,"column":25}},"12":{"start":{"line":22,"column":4},"end":{"line":22,"column":45}},"13":{"start":{"line":24,"column":4},"end":{"line":28,"column":5}},"14":{"start":{"line":25,"column":8},"end":{"line":25,"column":29}},"15":{"start":{"line":26,"column":8},"end":{"line":26,"column":28}},"16":{"start":{"line":27,"column":8},"end":{"line":27,"column":35}},"17":{"start":{"line":30,"column":4},"end":{"line":30,"column":15}},"18":{"start":{"line":34,"column":0},"end":{"line":40,"column":52}},"19":{"start":{"line":35,"column":4},"end":{"line":35,"column":17}},"20":{"start":{"line":36,"column":4},"end":{"line":38,"column":5}},"21":{"start":{"line":37,"column":8},"end":{"line":37,"column":22}},"22":{"start":{"line":39,"column":4},"end":{"line":39,"column":15}},"23":{"start":{"line":42,"column":0},"end":{"line":75,"column":1}},"24":{"start":{"line":43,"column":4},"end":{"line":43,"column":25}},"25":{"start":{"line":44,"column":4},"end":{"line":44,"column":18}},"26":{"start":{"line":46,"column":4},"end":{"line":54,"column":5}},"27":{"start":{"line":47,"column":8},"end":{"line":47,"column":18}},"28":{"start":{"line":48,"column":8},"end":{"line":48,"column":33}},"29":{"start":{"line":49,"column":8},"end":{"line":52,"column":9}},"30":{"start":{"line":50,"column":12},"end":{"line":50,"column":19}},"31":{"start":{"line":51,"column":12},"end":{"line":51,"column":44}},"32":{"start":{"line":53,"column":8},"end":{"line":53,"column":29}},"33":{"start":{"line":56,"column":4},"end":{"line":56,"column":17}},"34":{"start":{"line":58,"column":4},"end":{"line":58,"column":25}},"35":{"start":{"line":59,"column":4},"end":{"line":59,"column":25}},"36":{"start":{"line":60,"column":4},"end":{"line":60,"column":32}},"37":{"start":{"line":62,"column":4},"end":{"line":66,"column":5}},"38":{"start":{"line":63,"column":8},"end":{"line":63,"column":29}},"39":{"start":{"line":64,"column":8},"end":{"line":64,"column":29}},"40":{"start":{"line":65,"column":8},"end":{"line":65,"column":36}},"41":{"start":{"line":68,"column":4},"end":{"line":72,"column":5}},"42":{"start":{"line":69,"column":8},"end":{"line":69,"column":29}},"43":{"start":{"line":70,"column":8},"end":{"line":70,"column":28}},"44":{"start":{"line":71,"column":8},"end":{"line":71,"column":35}},"45":{"start":{"line":74,"column":4},"end":{"line":74,"column":15}},"46":{"start":{"line":78,"column":0},"end":{"line":107,"column":1}},"47":{"start":{"line":79,"column":4},"end":{"line":79,"column":25}},"48":{"start":{"line":80,"column":4},"end":{"line":80,"column":18}},"49":{"start":{"line":82,"column":4},"end":{"line":86,"column":5}},"50":{"start":{"line":83,"column":8},"end":{"line":83,"column":33}},"51":{"start":{"line":84,"column":8},"end":{"line":84,"column":45}},"52":{"start":{"line":85,"column":8},"end":{"line":85,"column":43}},"53":{"start":{"line":88,"column":4},"end":{"line":88,"column":17}},"54":{"start":{"line":90,"column":4},"end":{"line":90,"column":25}},"55":{"start":{"line":91,"column":4},"end":{"line":91,"column":25}},"56":{"start":{"line":92,"column":4},"end":{"line":92,"column":32}},"57":{"start":{"line":94,"column":4},"end":{"line":98,"column":5}},"58":{"start":{"line":95,"column":8},"end":{"line":95,"column":29}},"59":{"start":{"line":96,"column":8},"end":{"line":96,"column":29}},"60":{"start":{"line":97,"column":8},"end":{"line":97,"column":36}},"61":{"start":{"line":100,"column":4},"end":{"line":104,"column":5}},"62"
[...]
e":91,"column":41}},"67":{"start":{"line":92,"column":20},"end":{"line":92,"column":28}},"68":{"start":{"line":93,"column":20},"end":{"line":93,"column":33}},"69":{"start":{"line":95,"column":16},"end":{"line":95,"column":22}},"70":{"start":{"line":97,"column":16},"end":{"line":97,"column":41}},"71":{"start":{"line":98,"column":16},"end":{"line":112,"column":17}},"72":{"start":{"line":99,"column":20},"end":{"line":99,"column":49}},"73":{"start":{"line":100,"column":20},"end":{"line":107,"column":21}},"74":{"start":{"line":101,"column":24},"end":{"line":101,"column":46}},"75":{"start":{"line":102,"column":24},"end":{"line":102,"column":32}},"76":{"start":{"line":103,"column":24},"end":{"line":103,"column":37}},"77":{"start":{"line":105,"column":24},"end":{"line":105,"column":30}},"78":{"start":{"line":106,"column":24},"end":{"line":106,"column":30}},"79":{"start":{"line":109,"column":20},"end":{"line":109,"column":42}},"80":{"start":{"line":110,"column":20},"end":{"line":110,"column":28}},"81":{"start":{"line":111,"column":20},"end":{"line":111,"column":34}},"82":{"start":{"line":113,"column":16},"end":{"line":113,"column":22}},"83":{"start":{"line":116,"column":8},"end":{"line":116,"column":19}},"84":{"start":{"line":120,"column":0},"end":{"line":136,"column":1}},"85":{"start":{"line":121,"column":4},"end":{"line":135,"column":7}},"86":{"start":{"line":122,"column":8},"end":{"line":122,"column":21}},"87":{"start":{"line":123,"column":8},"end":{"line":132,"column":9}},"88":{"start":{"line":124,"column":12},"end":{"line":124,"column":34}},"89":{"start":{"line":125,"column":12},"end":{"line":131,"column":13}},"90":{"start":{"line":127,"column":16},"end":{"line":127,"column":75}},"91":{"start":{"line":128,"column":16},"end":{"line":128,"column":22}},"92":{"start":{"line":130,"column":16},"end":{"line":130,"column":37}},"93":{"start":{"line":133,"column":8},"end":{"line":133,"column":19}},"94":{"start":{"line":134,"column":8},"end":{"line":134,"column":25}},"95":{"start":{"line":138,"column":0},"end":{"line":148,"column":1}},"96":{"start":{"line":139,"column":4},"end":{"line":139,"column":20}},"97":{"start":{"line":140,"column":4},"end":{"line":140,"column":40}},"98":{"start":{"line":142,"column":4},"end":{"line":145,"column":5}},"99":{"start":{"line":147,"column":4},"end":{"line":147,"column":18}},"100":{"start":{"line":150,"column":0},"end":{"line":162,"column":1}},"101":{"start":{"line":151,"column":4},"end":{"line":151,"column":39}},"102":{"start":{"line":152,"column":4},"end":{"line":152,"column":60}},"103":{"start":{"line":153,"column":4},"end":{"line":156,"column":5}},"104":{"start":{"line":154,"column":8},"end":{"line":154,"column":26}},"105":{"start":{"line":155,"column":8},"end":{"line":155,"column":63}},"106":{"start":{"line":157,"column":4},"end":{"line":157,"column":54}},"107":{"start":{"line":158,"column":4},"end":{"line":158,"column":29}},"108":{"start":{"line":159,"column":4},"end":{"line":159,"column":40}},"109":{"start":{"line":160,"column":4},"end":{"line":160,"column":29}},"110":{"start":{"line":161,"column":4},"end":{"line":161,"column":22}},"111":{"start":{"line":164,"column":0},"end":{"line":197,"column":1}},"112":{"start":{"line":165,"column":4},"end":{"line":165,"column":26}},"113":{"start":{"line":166,"column":4},"end":{"line":166,"column":18}},"114":{"start":{"line":167,"column":4},"end":{"line":167,"column":37}},"115":{"start":{"line":168,"column":4},"end":{"line":177,"column":18}},"116":{"start":{"line":179,"column":4},"end":{"line":193,"column":7}},"117":{"start":{"line":180,"column":8},"end":{"line":180,"column":21}},"118":{"start":{"line":181,"column":8},"end":{"line":190,"column":9}},"119":{"start":{"line":182,"column":12},"end":{"line":182,"column":34}},"120":{"start":{"line":183,"column":12},"end":{"line":189,"column":13}},"121":{"start":{"line":185,"column":16},"end":{"line":185,"column":66}},"122":{"start":{"line":186,"column":16},"end":{"line":186,"column":22}},"123":{"start":{"line":188,"column":16},"end":{"line":188,"column":53}},"124":{"start":{"line":191,"column":8},"end":{"line":191,"column":21}},"125":{"start":{"line":192,"column":8},"end":{"line":192,"column":25}},"126":{"start":{"line":195,"column":4},"end":{"line":195,"column":33}},"127":{"start":{"line":196,"column":4},"end":{"line":196,"column":22}},"128":{"start":{"line":199,"column":0},"end":{"line":253,"column":1}},"129":{"start":{"line":201,"column":4},"end":{"line":201,"column":26}},"130":{"start":{"line":202,"column":4},"end":{"line":202,"column":18}},"131":{"start":{"line":203,"column":4},"end":{"line":203,"column":37}},"132":{"start":{"line":204,"column":4},"end":{"line":208,"column":6}},"133":{"start":{"line":209,"column":4},"end":{"line":210,"column":77}},"134":{"start":{"line":212,"column":4},"end":{"line":212,"column":53}},"135":{"start":{"line":213,"column":4},"end":{"line":236,"column":18}},"136":{"start":{"line":214,"column":8},"end":{"line":214,"column":21}},"137":{"start":{"line":215,"column":8},"end":{"line":215,"column":17}},"138":{"start":{"line":216,"column":8},"end":{"line":233,"column":9}},"139":{"start":{"line":217,"column":12},"end":{"line":217,"column":34}},"140":{"start":{"line":218,"column":12},"end":{"line":232,"column":13}},"141":{"start":{"line":220,"column":16},"end":{"line":220,"column":37}},"142":{"start":{"line":221,"column":16},"end":{"line":221,"column":41}},"143":{"start":{"line":222,"column":16},"end":{"line":222,"column":43}},"144":{"start":{"line":223,"column":16},"end":{"line":223,"column":22}},"145":{"start":{"line":225,"column":16},"end":{"line":225,"column":29}},"146":{"start":{"line":226,"column":16},"end":{"line":226,"column":43}},"147":{"start":{"line":227,"column":16},"end":{"line":227,"column":22}},"148":{"start":{"line":229,"column":16},"end":{"line":229,"column":29}},"149":{"start":{"line":230,"column":16},"end":{"line":230,"column":43}},"150":{"start":{"line":231,"column":16},"end":{"line":231,"column":22}},"151":{"start":{"line":234,"column":8},"end":{"line":234,"column":19}},"152":{"start":{"line":235,"column":8},"end":{"line":235,"column":19}},"153":{"start":{"line":237,"column":4},"end":{"line":237,"column":20}},"154":{"start":{"line":238,"column":4},"end":{"line":239,"column":38}},"155":{"start":{"line":241,"column":4},"end":{"line":241,"column":50}},"156":{"start":{"line":242,"column":4},"end":{"line":245,"column":5}},"157":{"start":{"line":243,"column":8},"end":{"line":243,"column":63}},"158":{"start":{"line":244,"column":8},"end":{"line":244,"column":28}},"159":{"start":{"line":246,"column":4},"end":{"line":250,"column":6}},"160":{"start":{"line":251,"column":4},"end":{"line":251,"column":31}},"161":{"start":{"line":252,"column":4},"end":{"line":252,"column":22}},"162":{"start":{"line":255,"column":0},"end":{"line":260,"column":1}}},"branchMap":{"1":{"line":13,"type":"if","locations":[{"start":{"line":13,"column":12},"end":{"line":13,"column":12}},{"start":{"line":13,"column":12},"end":{"line":13,"column":12}}]},"2":{"line":15,"type":"if","locations":[{"start":{"line":15,"column":12},"end":{"line":15,"column":12}},{"start":{"line":15,"column":12},"end":{"line":15,"column":12}}]},"3":{"line":16,"type":"if","locations":[{"start":{"line":16,"column":16},"end":{"line":16,"column":16}},{"start":{"line":16,"column":16},"end":{"line":16,"column":16}}]},"4":{"line":20,"type":"if","locations":[{"start":{"line":20,"column":16},"end":{"line":20,"column":16}},{"start":{"line":20,"column":16},"end":{"line":20,"column":16}}]},"5":{"line":29,"type":"if","locations":[{"start":{"line":29,"column":8},"end":{"line":29,"column":8}},{"start":{"line":29,"column":8},"end":{"line":29,"column":8}}]},"6":{"line":29,"type":"binary-expr","locations":[{"start":{"line":29,"column":12},"end":{"line":29,"column":19}},{"start":{"line":29,"column":23},"end":{"line":29,"column":30}},{"start":{"line":29,"column":34},"end":{"line":29,"column":42}},{"start":{"line":29,"column":46},"end":{"line":29,"column":54}}]},"7":{"line":41,"type":"switch","locations":[{"start":{"line":42,"column":12},"end":{"line":59,"column":22}},{"start":{"line":60,"column":12},"end":{"line":77,"column":22}},{"start":{"line":78,"column":12},"end":{"line":95,"column":22}},{"start":{"line":96,"column":12},"end":{"line":113,"column":22}}]},"8":{"line":44,"type":"if","locations":[{"start":{"line":44,"column":16},"end":{"line":44,"column":16}},{"start":{"line":44,"column":16},"end":{"line":44,"column":16}}]},"9":{"line":46,"type":"if","locations":[{"start":{"line":46,"column":20},"end":{"line":46,"column":20}},{"start":{"line":46,"column":20},"end":{"line":46,"column":20}}]},"10":{"line":62,"type":"if","locations":[{"start":{"line":62,"column":16},"end":{"line":62,"column":16}},{"start":{"line":62,"column":16},"end":{"line":62,"column":16}}]},"11":{"line":64,"type":"if","locations":[{"start":{"line":64,"column":20},"end":{"line":64,"column":20}},{"start":{"line":64,"column":20},"end":{"line":64,"column":20}}]},"12":{"line":80,"type":"if","locations":[{"start":{"line":80,"column":16},"end":{"line":80,"column":16}},{"start":{"line":80,"column":16},"end":{"line":80,"column":16}}]},"13":{"line":82,"type":"if","locations":[{"start":{"line":82,"column":20},"end":{"line":82,"column":20}},{"start":{"line":82,"column":20},"end":{"line":82,"column":20}}]},"14":{"line":98,"type":"if","locations":[{"start":{"line":98,"column":16},"end":{"line":98,"column":16}},{"start":{"line":98,"column":16},"end":{"line":98,"column":16}}]},"15":{"line":100,"type":"if","locations":[{"start":{"line":100,"column":20},"end":{"line":100,"column":20}},{"start":{"line":100,"column":20},"end":{"line":100,"column":20}}]},"16":{"line":115,"type":"binary-expr","locations":[{"start":{"line":115,"column":17},"end":{"line":115,"column":28}},{"start":{"line":115,"column":32},"end":{"line":115,"column":43}}]},"17":{"line":125,"type":"switch","locations":[{"start":{"line":126,"column":12},"end":{"line":128,"column":22}},{"start":{"line":129,"column":12},"end":{"line":130,"column":37}}]},"18":{"line":153,"type":"if","locations":[{"start":{"line":153,"column":4},"end":{"line":153,"column":4}},{"start":{"line":153,"column":4},"end":{"line":153,"column":4}}]},"19":{"line":183,"type":"switch","locations":[{"start":{"line":184,"column":12},"end":{"line":186,"column":22}},{"start":{"line":187,"column":12},"end":{"line":188,"column":53}}]},"20":{"line":218,"type":"switch","locations":[{"start":{"line":219,"column":12},"end":{"line":223,"column":22}},{"start":{"line":224,"column":12},"end":{"line":227,"column":22}},{"start":{"line":228,"column":12},"end":{"line":231,"column":22}}]}},"code":["\"use strict\";","","function matrix2path(matrix) {","    var N = matrix.length;","    var filled = [];","    for (var row = -1; row <= N; row++) {","        filled[row] = [];","    }","","    var path = [];","    for (var row = 0; row < N; row++) {","        for (var col = 0; col < N; col++) {","            if (filled[row][col]) continue;","            filled[row][col] = 1;","            if (isDark(row, col)) {","                if (!isDark(row - 1, col)) {","                    path.push(plot(row, col, 'right'));","                }","            } else {","                if (isDark(row, col - 1)) {","                    path.push(plot(row, col, 'down'));","                }","            }","        }","    }","    return path;","","    function isDark(row, col) {","        if (row < 0 || col < 0 || row >= N || col >= N) return false;","        return !!matrix[row][col];","    }","","    function plot(row0, col0, dir) {","        filled[row0][col0] = 1;","        var res = [];","        res.push(['M',  col0, row0 ]);","        var row = row0;","        var col = col0;","        var len = 0;","        do {","            switch (dir) {","            case 'right':","                filled[row][col] = 1;","                if (isDark(row, col)) {","                    filled[row - 1][col] = 1;","                    if (isDark(row - 1, col)) {","                        res.push(['h', len]);","                        len = 0;","                        dir = 'up';","                    } else {","                        len++;","                        col++;","                    }","                } else {","                    res.push(['h', len]);","                    len = 0;","                    dir = 'down';","                }","                break;","            case 'left':","                filled[row - 1][col - 1] = 1;","                if (isDark(row - 1, col - 1)) {","                    filled[row][col - 1] = 1;","                    if (isDark(row, col - 1)) {","                        res.push(['h', -len]);","                        len = 0;","                        dir = 'down';","                    } else {","                        len++;","                        col--;","                    }","                } else {","                    res.push(['h', -len]);","                    len = 0;","                    dir = 'up';","                }","                break;","            case 'down':","                filled[row][col - 1] = 1;","                if (isDark(row, col - 1)) {","                    filled[row][col] = 1;","                    if (isDark(row, col)) {","                        res.push(['v', len]);","                        len = 0;","                        dir = 'right';","                    } else {","                        len++;","                        row++;","                    }","                } else {","                    res.push(['v', len]);","                    len = 0;","                    dir = 'left';","                }","                break;","            case 'up':","                filled[row - 1][col] = 1;","                if (isDark(row - 1, col)) {","                    filled[row - 1][col - 1] = 1;","                    if (isDark(row - 1, col - 1)) {","                        res.push(['v', -len]);","                        len = 0;","                        dir = 'left';","                    } else {","                        len++;","                        row--;","                    }","                } else {","                    res.push(['v', -len]);","                    len = 0;","                    dir = 'right';","                }","                break;","            }","        } while (row != row0 || col != col0);","        return res;","    }","}","","function pushSVGPath(matrix, stream, margin) {","    matrix2path(matrix).forEach(function(subpath) {","        var res = '';","        for (var k = 0; k < subpath.length; k++) {","            var item = subpath[k];","            switch (item[0]) {","            case 'M':","                res += 'M' + (item[1] + margin) + ' ' + (item[2] + margin);","                break;","            default:","                res += item.join('');","            }","        }","        res += 'z';","        stream.push(res);","    });","}","","function SVG_object(matrix, margin) {","    var stream = [];","    pushSVGPath(matrix, stream, margin);","","    var result = {","        size: matrix.length + 2 * margin,","        path: stream.filter(Boolean).join('')","    }","","    return result;","}","","function SVG(matrix, stream, margin, size) {","    var X = matrix.length + 2 * margin;","    stream.push('<svg xmlns=\"http://www.w3.org/2000/svg\" ');","    if (size > 0) {","        var XY = X * size;","        stream.push('width=\"' + XY + '\" height=\"' + XY + '\" ');","    }","    stream.push('viewBox=\"0 0 ' + X + ' ' + X + '\">');","    stream.push('<path d=\"');","    pushSVGPath(matrix, stream, margin);","    stream.push('\"/></svg>');","    stream.push(null);","}","","function EPS(matrix, stream, margin) {","    var N = matrix.length;","    var scale = 9;","    var X = (N + 2 * margin) * scale;","    stream.push([","        '%!PS-Adobe-3.0 EPSF-3.0',","        '%%BoundingBox: 0 0 ' + X + ' ' + X,","        '/h { 0 rlineto } bind def',","        '/v { 0 exch neg rlineto } bind def',","        '/M { neg ' + (N + margin) + ' add moveto } bind def',","        '/z { closepath } bind def',","        scale + ' ' + scale + ' scale',","        ''","    ].join('\\n'));","","    matrix2path(matrix).forEach(function(subpath) {","        var res = '';","        for (var k = 0; k < subpath.length; k++) {","            var item = subpath[k];","            switch (item[0]) {","            case 'M':","                res += (item[1] + margin) + ' ' + item[2] + ' M ';","                break;","            default:","                res += item[1] + ' ' + item[0] + ' ';","            }","        }","        res += 'z\\n';","        stream.push(res);","    });","","    stream.push('fill\\n%%EOF\\n');","    stream.push(null);","}","","function PDF(matrix, stream, margin) {","    // TODO deflate","    var N = matrix.length;","    var scale = 9;","    var X = (N + 2 * margin) * scale;","    var data = [","        '%PDF-1.0\\n\\n',","        '1 0 obj << /Type /Catalog /Pages 2 0 R >> endobj\\n',","        '2 0 obj << /Type /Pages /Count 1 /Kids [ 3 0 R ] >> endobj\\n',","    ];","    data.push('3 0 obj << /Type /Page /Parent 2 0 R /Resources <<>> ' +","        '/Contents 4 0 R /MediaBox [ 0 0 ' + X + ' ' + X + ' ] >> endobj\\n');","","    var path = scale + ' 0 0 ' + scale + ' 0 0 cm\\n';","    path += matrix2path(matrix).map(function(subpath) {","        var res = '';","        var x, y;","        for (var k = 0; k < subpath.length; k++) {","            var item = subpath[k];","            switch (item[0]) {","            case 'M':","                x = item[1] + margin;","                y = N - item[2] + margin;","                res += x + ' ' + y + ' m ';","                break;","            case 'h':","                x += item[1];","                res += x + ' ' + y + ' l ';","                break;","            case 'v':","                y -= item[1];","                res += x + ' ' + y + ' l ';","                break;","            }","        }","        res += 'h';","        return res;","    }).join('\\n');","    path += '\\nf\\n';","    data.push('4 0 obj << /Length ' + path.length + ' >> stream\\n' +","        path + 'endstream\\nendobj\\n');","","    var xref = 'xref\\n0 5\\n0000000000 65535 f \\n';","    for (var i = 1, l = data[0].length; i < 5; i++) {","        xref += ('0000000000' + l).substr(-10) + ' 00000 n \\n';","        l += data[i].length;","    }","    data.push(","        xref,","        'trailer << /Root 1 0 R /Size 5 >>\\n',","        'startxref\\n' + l + '\\n%%EOF\\n'","    );","    stream.push(data.join(''));","    stream.push(null);","}","","module.exports = {","    svg: SVG,","    eps: EPS,","    pdf: PDF,","    svg_object: SVG_object","}",""],"l":{"3":1,"4":0,"5":0,"6":0,"7":0,"10":0,"11":0,"12":0,"13":0,"14":0,"15":0,"16":0,"17":0,"20":0,"21":0,"26":0,"28":1,"29":0,"30":0,"33":1,"34":0,"35":0,"36":0,"37":0,"38":0,"39":0,"40":0,"41":0,"43":0,"44":0,"45":0,"46":0,"47":0,"48":0,"49":0,"51":0,"52":0,"55":0,"56":0,"57":0,"59":0,"61":0,"62":0,"63":0,"64":0,"65":0,"66":0,"67":0,"69":0,"70":0,"73":0,"74":0,"75":0,"77":0,"79":0,"80":0,"81":0,"82":0,"83":0,"84":0,"85":0,"87":0,"88":0,"91":0,"92":0,"93":0,"95":0,"97":0,"98":0,"99":0,"100":0,"101":0,"102":0,"103":0,"105":0,"106":0,"109":0,"110":0,"111":0,"113":0,"116":0,"120":1,"121":0,"122":0,"123":0,"124":0,"125":0,"127":0,"128":0,"130":0,"133":0,"134":0,"138":1,"139":0,"140":0,"142":0,"147":0,"150":1,"151":0,"152":0,"153":0,"154":0,"155":0,"157":0,"158":0,"159":0,"160":0,"161":0,"164":1,"165":0,"166":0,"167":0,"168":0,"179":0,"180":0,"181":0,"182":0,"183":0,"185":0,"186":0,"188":0,"191":0,"192":0,"195":0,"196":0,"199":1,"201":0,"202":0,"203":0,"204":0,"209":0,"212":0,"213":0,"214":0,"215":0,"216":0,"217":0,"218":0,"220":0,"221":0,"222":0,"223":0,"225":0,"226":0,"227":0,"229":0,"230":0,"231":0,"234":0,"235":0,"237":0,"238":0,"241":0,"242":0,"243":0,"244":0,"246":0,"251":0,"252":0,"255":1}}}